#
# A fatal error has been detected by the Java Runtime Environment:
#
#  EXCEPTION_ACCESS_VIOLATION (0xc0000005) at pc=0x00000000577020e1, pid=7472, tid=7692
#
# JRE version: Java(TM) SE Runtime Environment (8.0_20-b26) (build 1.8.0_20-b26)
# Java VM: Java HotSpot(TM) 64-Bit Server VM (25.20-b23 mixed mode windows-amd64 compressed oops)
# Problematic frame:
# V  [jvm.dll+0x1020e1]
#
# Failed to write core dump. Minidumps are not enabled by default on client versions of Windows
#
# If you would like to submit a bug report, please visit:
#   http://bugreport.sun.com/bugreport/crash.jsp
#

---------------  T H R E A D  ---------------

Current thread (0x0000000001dfe000):  GCTaskThread [stack: 0x0000000012c30000,0x0000000012d30000] [id=7692]

siginfo: ExceptionCode=0xc0000005, reading address 0xffffffffffffffff

Registers:
RAX=0x00000000136f0000, RBX=0x00000000000000c1, RCX=0x0000000000000000, RDX=0x000000023945f1a0
RSP=0x0000000012d2ed60, RBP=0x0000000012d2ede8, RSI=0x0000000000000001, RDI=0x0000000001e78740
R8 =0x0000000000000018, R9 =0x007ffffffcdb8000, R10=0x0000000000000141, R11=0x0000000000000001
R12=0x0000000000000003, R13=0x0000000000000141, R14=0x0000000057d67930, R15=0x0000000012d2f5d0
RIP=0x00000000577020e1, EFLAGS=0x0000000000010206

Top of Stack: (sp=0x0000000012d2ed60)
0x0000000012d2ed60:   0000000012d2edc0 0000000012d2efa0
0x0000000012d2ed70:   0000000001dfe3e0 0000000057dbdf50
0x0000000012d2ed80:   0000000000000141 000000005769ec54
0x0000000012d2ed90:   0000000001dfe3f0 0000000000000001
0x0000000012d2eda0:   00000000000000c1 0000000000000024
0x0000000012d2edb0:   00000000234cb468 0000000001dfe000
0x0000000012d2edc0:   0000000001dfe3e0 0000000300000010
0x0000000012d2edd0:   1744000000000004 000000002063ffff
0x0000000012d2ede0:   0000000057be5708 0000000001dfe3c0
0x0000000012d2edf0:   0000000012d2f5e8 0000000012d2f608
0x0000000012d2ee00:   0000000001f7e000 0000000012d2ef70
0x0000000012d2ee10:   0000000012d2efa0 0000000012d2f5e8
0x0000000012d2ee20:   0000000012d2f5d0 000000005769f57c
0x0000000012d2ee30:   0000000012d2ef70 0000000012d2efa0
0x0000000012d2ee40:   0000000012d2f5d0 000000005769f550
0x0000000012d2ee50:   0000000057d67930 0000000001dfe3c0 

Instructions: (pc=0x00000000577020e1)
0x00000000577020c1:   9b 93 6d 00 49 c1 e9 03 49 d3 e9 41 0f b6 c1 49
0x00000000577020d1:   c1 e9 06 24 3f 44 0f b6 c0 48 8b 05 af 93 6d 00
0x00000000577020e1:   4a 8b 0c c8 4c 0f a3 c1 72 17 48 8b cb e8 cd 8e
0x00000000577020f1:   ff ff 84 c0 74 0b 48 8b d3 48 8b cf e8 de fe ff 


Register to memory mapping:

RAX=0x00000000136f0000 is an unknown value
RBX=0x00000000000000c1 is an unknown value
RCX=0x0000000000000000 is an unknown value
RDX=0x000000023945f1a0 is pointing into the stack for thread: 0x0000000001f7e000
RSP=0x0000000012d2ed60 is an unknown value
RBP=0x0000000012d2ede8 is an unknown value
RSI=0x0000000000000001 is an unknown value
RDI=0x0000000001e78740 is an unknown value
R8 =0x0000000000000018 is an unknown value
R9 =0x007ffffffcdb8000 is an unknown value
R10=0x0000000000000141 is an unknown value
R11=0x0000000000000001 is an unknown value
R12=0x0000000000000003 is an unknown value
R13=0x0000000000000141 is an unknown value
R14=0x0000000057d67930 is an unknown value
R15=0x0000000012d2f5d0 is an unknown value


Stack: [0x0000000012c30000,0x0000000012d30000],  sp=0x0000000012d2ed60,  free space=1019k
Native frames: (J=compiled Java code, j=interpreted, Vv=VM code, C=native code)
V  [jvm.dll+0x1020e1]
V  [jvm.dll+0x9ec54]
V  [jvm.dll+0x9f57c]
V  [jvm.dll+0x1f3566]
V  [jvm.dll+0x1f50e2]
V  [jvm.dll+0x22634f]
V  [jvm.dll+0x3d2454]
V  [jvm.dll+0x3d017e]
V  [jvm.dll+0x283f5a]
C  [msvcr100.dll+0x21d9f]
C  [msvcr100.dll+0x21e3b]
C  [kernel32.dll+0x159ed]
C  [ntdll.dll+0x2c541]

JavaThread 0x0000000001f7e000 (nid = 6920) was being processed
Java frames: (J=compiled Java code, j=interpreted, Vv=VM code)
v  ~RuntimeStub::_new_array_Java
J 1204 C2 java.util.HashMap.resize()[Ljava/util/HashMap$Node; (359 bytes) @ 0x0000000002657944 [0x0000000002657540+0x404]
J 1189 C2 java.util.HashMap.put(Ljava/lang/Object;Ljava/lang/Object;)Ljava/lang/Object; (13 bytes) @ 0x0000000002659b54 [0x0000000002659720+0x434]
J 1243 C2 moavns.Solucao.<init>(Lmoavns/Solucao;)V (216 bytes) @ 0x000000000267a98c [0x000000000267a360+0x62c]
J 1340 C2 moavns.SolucaoAleatoria.VizinhoTwoFlip(Lmoavns/Solucao;)Lmoavns/Solucao; (434 bytes) @ 0x00000000026d97bc [0x00000000026d8e20+0x99c]
j  moavns.SolucaoAleatoria.Vizinhos(Lmoavns/Solucao;I)Lmoavns/Solucao;+51
j  moavns.MOAVNS.main([Ljava/lang/String;)V+129
v  ~StubRoutines::call_stub

---------------  P R O C E S S  ---------------

Java Threads: ( => current thread )
  0x00000000234ca000 JavaThread "TimerQueue" daemon [_thread_blocked, id=4416, stack(0x0000000fd0000000,0x00000010ca000000)]
  0x00000000234a1000 JavaThread "D3D Screen Updater" daemon [_thread_blocked, id=4560, stack(0x0000000ed6000000,0x0000000fd0000000)]
  0x00000000233d8800 JavaThread "Swing-Shell" daemon [_thread_blocked, id=4332, stack(0x0000000ddc000000,0x0000000ed6000000)]
  0x00000000232fa000 JavaThread "AWT-Windows" daemon [_thread_in_native, id=2668, stack(0x0000000aee000000,0x0000000be8000000)]
  0x00000000232f8000 JavaThread "Java2D Disposer" daemon [_thread_blocked, id=6672, stack(0x00000008fa000000,0x00000009f4000000)]
  0x000000002195e800 JavaThread "Service Thread" daemon [_thread_blocked, id=6312, stack(0x0000000800000000,0x00000008fa000000)]
  0x00000000218ff800 JavaThread "C1 CompilerThread3" daemon [_thread_blocked, id=4500, stack(0x00000000230a0000,0x00000000231a0000)]
  0x00000000218e5800 JavaThread "C2 CompilerThread2" daemon [_thread_blocked, id=524, stack(0x0000000022f40000,0x0000000023040000)]
  0x00000000218da000 JavaThread "C2 CompilerThread1" daemon [_thread_blocked, id=1972, stack(0x0000000022d00000,0x0000000022e00000)]
  0x00000000218cb000 JavaThread "C2 CompilerThread0" daemon [_thread_blocked, id=6724, stack(0x0000000022ae0000,0x0000000022be0000)]
  0x00000000218c7000 JavaThread "Attach Listener" daemon [_thread_blocked, id=5044, stack(0x0000000527460000,0x0000000621460000)]
  0x00000000218d8000 JavaThread "Signal Dispatcher" daemon [_thread_blocked, id=952, stack(0x000000042d460000,0x0000000527460000)]
  0x000000002081a000 JavaThread "Finalizer" daemon [_thread_blocked, id=4716, stack(0x0000000333460000,0x000000042d460000)]
  0x0000000001e7f800 JavaThread "Reference Handler" daemon [_thread_blocked, id=4340, stack(0x0000000239460000,0x0000000333460000)]
  0x0000000001f7e000 JavaThread "main" [_thread_blocked, id=6920, stack(0x000000013f460000,0x0000000239460000)]

Other Threads:
  0x000000002080f000 VMThread [stack: 0x00000000228a0000,0x00000000229a0000] [id=8032]
  0x0000000021963800 WatcherThread [stack: 0x00000000231a0000,0x00000000232a0000] [id=3912]

=>0x0000000001dfe000 (exited) GCTaskThread [stack: 0x0000000012c30000,0x0000000012d30000] [id=7692]

VM state:at safepoint (normal execution)

VM Mutex/Monitor currently owned by a thread:  ([mutex/lock_event])
[0x0000000001f7c140] Threads_lock - owner thread: 0x000000002080f000
[0x0000000001f7c640] Heap_lock - owner thread: 0x0000000001f7e000

Heap:
 PSYoungGen      total 257536K, used 0K [0x0000000743000000, 0x00000007beb80000, 0x00000007c0000000)
  eden space 257024K, 0% used [0x0000000743000000,0x0000000743000000,0x0000000752b00000)
  from space 512K, 0% used [0x00000007beb00000,0x00000007beb00000,0x00000007beb80000)
  to   space 512K, 0% used [0x00000007bea80000,0x00000007bea80000,0x00000007beb00000)
 ParOldGen       total 4096000K, used 6624K [0x0000000649000000, 0x0000000743000000, 0x0000000743000000)
  object space 4096000K, 0% used [0x0000000649000000,0x0000000649678388,0x0000000743000000)
 Metaspace       used 13177K, capacity 13306K, committed 13568K, reserved 1060864K
  class space    used 1721K, capacity 1776K, committed 1792K, reserved 1048576K

Card table byte_map: [0x0000000011610000,0x00000000121d0000] byte_map_base: 0x000000000e3c8000

Marking Bits: (ParMarkBitMap*) 0x0000000057ddb460
 Begin Bits: [0x00000000136f0000, 0x00000000194b0000)
 End Bits:   [0x00000000194b0000, 0x000000001f270000)

Polling page: 0x0000000000230000

CodeCache: size=245760Kb used=4861Kb max_used=4885Kb free=240898Kb
 bounds [0x0000000002250000, 0x0000000002730000, 0x0000000011250000]
 total_blobs=1878 nmethods=1370 adapters=421
 compilation: enabled

Compilation events (10 events):
Event: 61.404 Thread 0x00000000218e5800 1369       4       java.util.TreeMap::clear (21 bytes)
Event: 61.404 Thread 0x00000000218e5800 nmethod 1369 0x0000000002677250 code [0x0000000002677380, 0x00000000026773f8]
Event: 67.201 Thread 0x00000000218ff800 1370       1       moavns.Solucao::getQtdeColunas (5 bytes)
Event: 67.201 Thread 0x00000000218ff800 nmethod 1370 0x00000000026e48d0 code [0x00000000026e4a20, 0x00000000026e4b30]
Event: 67.322 Thread 0x00000000218da000 1371 %     4       moavns.EstruturasVizinhanca::One_flip_best @ 69 (343 bytes)
Event: 67.417 Thread 0x00000000218da000 nmethod 1371% 0x0000000002704cd0 code [0x00000000027050c0, 0x0000000002707ce0]
Event: 72.955 Thread 0x00000000218e5800 1372       4       moavns.SolucaoAleatoria::eliminarRedundancia (234 bytes)
Event: 73.030 Thread 0x00000000218e5800 nmethod 1372 0x000000000270b6d0 code [0x000000000270bb00, 0x000000000270e550]
Event: 73.056 Thread 0x00000000218cb000 1373       4       moavns.EstruturasVizinhanca::One_flip_best (343 bytes)
Event: 73.173 Thread 0x00000000218cb000 nmethod 1373 0x00000000027195d0 code [0x00000000027199c0, 0x000000000271cc38]

GC Heap History (10 events):
Event: 103.242 GC heap after
Heap after GC invocations=646 (full 0):
 PSYoungGen      total 123904K, used 96K [0x0000000743000000, 0x00000007beb80000, 0x00000007c0000000)
  eden space 123392K, 0% used [0x0000000743000000,0x0000000743000000,0x000000074a880000)
  from space 512K, 18% used [0x00000007beb00000,0x00000007beb18000,0x00000007beb80000)
  to   space 512K, 0% used [0x00000007bea80000,0x00000007bea80000,0x00000007beb00000)
 ParOldGen       total 87552K, used 6608K [0x0000000649000000, 0x000000064e580000, 0x0000000743000000)
  object space 87552K, 7% used [0x0000000649000000,0x0000000649674388,0x000000064e580000)
 Metaspace       used 13177K, capacity 13306K, committed 13568K, reserved 1060864K
  class space    used 1721K, capacity 1776K, committed 1792K, reserved 1048576K
}
Event: 103.306 GC heap before
{Heap before GC invocations=647 (full 0):
 PSYoungGen      total 123904K, used 123488K [0x0000000743000000, 0x00000007beb80000, 0x00000007c0000000)
  eden space 123392K, 100% used [0x0000000743000000,0x000000074a880000,0x000000074a880000)
  from space 512K, 18% used [0x00000007beb00000,0x00000007beb18000,0x00000007beb80000)
  to   space 512K, 0% used [0x00000007bea80000,0x00000007bea80000,0x00000007beb00000)
 ParOldGen       total 87552K, used 6608K [0x0000000649000000, 0x000000064e580000, 0x0000000743000000)
  object space 87552K, 7% used [0x0000000649000000,0x0000000649674388,0x000000064e580000)
 Metaspace       used 13177K, capacity 13306K, committed 13568K, reserved 1060864K
  class space    used 1721K, capacity 1776K, committed 1792K, reserved 1048576K
Event: 103.308 GC heap after
Heap after GC invocations=647 (full 0):
 PSYoungGen      total 148992K, used 32K [0x0000000743000000, 0x00000007beb80000, 0x00000007c0000000)
  eden space 148480K, 0% used [0x0000000743000000,0x0000000743000000,0x000000074c100000)
  from space 512K, 6% used [0x00000007bea80000,0x00000007bea88000,0x00000007beb00000)
  to   space 512K, 0% used [0x00000007beb00000,0x00000007beb00000,0x00000007beb80000)
 ParOldGen       total 87552K, used 6608K [0x0000000649000000, 0x000000064e580000, 0x0000000743000000)
  object space 87552K, 7% used [0x0000000649000000,0x0000000649674388,0x000000064e580000)
 Metaspace       used 13177K, capacity 13306K, committed 13568K, reserved 1060864K
  class space    used 1721K, capacity 1776K, committed 1792K, reserved 1048576K
}
Event: 103.384 GC heap before
{Heap before GC invocations=648 (full 0):
 PSYoungGen      total 148992K, used 148512K [0x0000000743000000, 0x00000007beb80000, 0x00000007c0000000)
  eden space 148480K, 100% used [0x0000000743000000,0x000000074c100000,0x000000074c100000)
  from space 512K, 6% used [0x00000007bea80000,0x00000007bea88000,0x00000007beb00000)
  to   space 512K, 0% used [0x00000007beb00000,0x00000007beb00000,0x00000007beb80000)
 ParOldGen       total 87552K, used 6608K [0x0000000649000000, 0x000000064e580000, 0x0000000743000000)
  object space 87552K, 7% used [0x0000000649000000,0x0000000649674388,0x000000064e580000)
 Metaspace       used 13177K, capacity 13306K, committed 13568K, reserved 1060864K
  class space    used 1721K, capacity 1776K, committed 1792K, reserved 1048576K
Event: 103.385 GC heap after
Heap after GC invocations=648 (full 0):
 PSYoungGen      total 178688K, used 64K [0x0000000743000000, 0x00000007beb80000, 0x00000007c0000000)
  eden space 178176K, 0% used [0x0000000743000000,0x0000000743000000,0x000000074de00000)
  from space 512K, 12% used [0x00000007beb00000,0x00000007beb10000,0x00000007beb80000)
  to   space 512K, 0% used [0x00000007bea80000,0x00000007bea80000,0x00000007beb00000)
 ParOldGen       total 87552K, used 6608K [0x0000000649000000, 0x000000064e580000, 0x0000000743000000)
  object space 87552K, 7% used [0x0000000649000000,0x0000000649674388,0x000000064e580000)
 Metaspace       used 13177K, capacity 13306K, committed 13568K, reserved 1060864K
  class space    used 1721K, capacity 1776K, committed 1792K, reserved 1048576K
}
Event: 103.430 GC heap before
{Heap before GC invocations=649 (full 0):
 PSYoungGen      total 178688K, used 82029K [0x0000000743000000, 0x00000007beb80000, 0x00000007c0000000)
  eden space 178176K, 46% used [0x0000000743000000,0x000000074800b7a0,0x000000074de00000)
  from space 512K, 12% used [0x00000007beb00000,0x00000007beb10000,0x00000007beb80000)
  to   space 512K, 0% used [0x00000007bea80000,0x00000007bea80000,0x00000007beb00000)
 ParOldGen       total 4096000K, used 6608K [0x0000000649000000, 0x0000000743000000, 0x0000000743000000)
  object space 4096000K, 0% used [0x0000000649000000,0x0000000649674388,0x0000000743000000)
 Metaspace       used 13177K, capacity 13306K, committed 13568K, reserved 1060864K
  class space    used 1721K, capacity 1776K, committed 1792K, reserved 1048576K
Event: 103.431 GC heap after
Heap after GC invocations=649 (full 0):
 PSYoungGen      total 214528K, used 96K [0x0000000743000000, 0x00000007beb80000, 0x00000007c0000000)
  eden space 214016K, 0% used [0x0000000743000000,0x0000000743000000,0x0000000750100000)
  from space 512K, 18% used [0x00000007bea80000,0x00000007bea98000,0x00000007beb00000)
  to   space 512K, 0% used [0x00000007beb00000,0x00000007beb00000,0x00000007beb80000)
 ParOldGen       total 4096000K, used 6608K [0x0000000649000000, 0x0000000743000000, 0x0000000743000000)
  object space 4096000K, 0% used [0x0000000649000000,0x0000000649674388,0x0000000743000000)
 Metaspace       used 13177K, capacity 13306K, committed 13568K, reserved 1060864K
  class space    used 1721K, capacity 1776K, committed 1792K, reserved 1048576K
}
Event: 103.431 GC heap before
{Heap before GC invocations=650 (full 0):
 PSYoungGen      total 214528K, used 96K [0x0000000743000000, 0x00000007beb80000, 0x00000007c0000000)
  eden space 214016K, 0% used [0x0000000743000000,0x0000000743000000,0x0000000750100000)
  from space 512K, 18% used [0x00000007bea80000,0x00000007bea98000,0x00000007beb00000)
  to   space 512K, 0% used [0x00000007beb00000,0x00000007beb00000,0x00000007beb80000)
 ParOldGen       total 4096000K, used 6608K [0x0000000649000000, 0x0000000743000000, 0x0000000743000000)
  object space 4096000K, 0% used [0x0000000649000000,0x0000000649674388,0x0000000743000000)
 Metaspace       used 13177K, capacity 13306K, committed 13568K, reserved 1060864K
  class space    used 1721K, capacity 1776K, committed 1792K, reserved 1048576K
Event: 103.431 GC heap after
Heap after GC invocations=650 (full 0):
 PSYoungGen      total 257536K, used 0K [0x0000000743000000, 0x00000007beb80000, 0x00000007c0000000)
  eden space 257024K, 0% used [0x0000000743000000,0x0000000743000000,0x0000000752b00000)
  from space 512K, 0% used [0x00000007beb00000,0x00000007beb00000,0x00000007beb80000)
  to   space 512K, 0% used [0x00000007bea80000,0x00000007bea80000,0x00000007beb00000)
 ParOldGen       total 4096000K, used 6624K [0x0000000649000000, 0x0000000743000000, 0x0000000743000000)
  object space 4096000K, 0% used [0x0000000649000000,0x0000000649678388,0x0000000743000000)
 Metaspace       used 13177K, capacity 13306K, committed 13568K, reserved 1060864K
  class space    used 1721K, capacity 1776K, committed 1792K, reserved 1048576K
}
Event: 103.432 GC heap before
{Heap before GC invocations=651 (full 1):
 PSYoungGen      total 257536K, used 0K [0x0000000743000000, 0x00000007beb80000, 0x00000007c0000000)
  eden space 257024K, 0% used [0x0000000743000000,0x0000000743000000,0x0000000752b00000)
  from space 512K, 0% used [0x00000007beb00000,0x00000007beb00000,0x00000007beb80000)
  to   space 512K, 0% used [0x00000007bea80000,0x00000007bea80000,0x00000007beb00000)
 ParOldGen       total 4096000K, used 6624K [0x0000000649000000, 0x0000000743000000, 0x0000000743000000)
  object space 4096000K, 0% used [0x0000000649000000,0x0000000649678388,0x0000000743000000)
 Metaspace       used 13177K, capacity 13306K, committed 13568K, reserved 1060864K
  class space    used 1721K, capacity 1776K, committed 1792K, reserved 1048576K

Deoptimization events (9 events):
Event: 0.332 Thread 0x0000000001f7e000 Uncommon trap: reason=class_check action=maybe_recompile pc=0x00000000023f5480 method=java.lang.String.equals(Ljava/lang/Object;)Z @ 8
Event: 0.338 Thread 0x0000000001f7e000 Uncommon trap: reason=class_check action=maybe_recompile pc=0x00000000023f5480 method=java.lang.String.equals(Ljava/lang/Object;)Z @ 8
Event: 0.338 Thread 0x0000000001f7e000 Uncommon trap: reason=class_check action=maybe_recompile pc=0x00000000023f5480 method=java.lang.String.equals(Ljava/lang/Object;)Z @ 8
Event: 0.338 Thread 0x0000000001f7e000 Uncommon trap: reason=class_check action=maybe_recompile pc=0x00000000023f5480 method=java.lang.String.equals(Ljava/lang/Object;)Z @ 8
Event: 3.362 Thread 0x0000000001f7e000 Uncommon trap: reason=class_check action=maybe_recompile pc=0x00000000026361ec method=com.google.common.collect.NaturalOrdering.compare(Ljava/lang/Object;Ljava/lang/Object;)I @ 2
Event: 3.362 Thread 0x0000000001f7e000 Uncommon trap: reason=class_check action=maybe_recompile pc=0x00000000026361ec method=com.google.common.collect.NaturalOrdering.compare(Ljava/lang/Object;Ljava/lang/Object;)I @ 2
Event: 3.362 Thread 0x0000000001f7e000 Uncommon trap: reason=class_check action=maybe_recompile pc=0x00000000026361ec method=com.google.common.collect.NaturalOrdering.compare(Ljava/lang/Object;Ljava/lang/Object;)I @ 2
Event: 3.362 Thread 0x0000000001f7e000 Uncommon trap: reason=class_check action=maybe_recompile pc=0x00000000026361ec method=com.google.common.collect.NaturalOrdering.compare(Ljava/lang/Object;Ljava/lang/Object;)I @ 2
Event: 4.609 Thread 0x0000000023369000 Uncommon trap: reason=predicate action=maybe_recompile pc=0x0000000002678d88 method=java.util.ArrayList.remove(Ljava/lang/Object;)Z @ 49

Internal exceptions (10 events):
Event: 3.348 Thread 0x0000000001f7e000 Exception <a 'java/security/PrivilegedActionException'> (0x0000000743d245a8) thrown at [D:\re\workspace\8-2-build-windows-amd64-cygwin\jdk8u20\1074\hotspot\src\share\vm\prims\jvm.cpp, line 1275]
Event: 3.349 Thread 0x0000000001f7e000 Exception <a 'java/security/PrivilegedActionException'> (0x0000000743d26da8) thrown at [D:\re\workspace\8-2-build-windows-amd64-cygwin\jdk8u20\1074\hotspot\src\share\vm\prims\jvm.cpp, line 1275]
Event: 3.350 Thread 0x0000000001f7e000 Exception <a 'java/security/PrivilegedActionException'> (0x0000000743d2a078) thrown at [D:\re\workspace\8-2-build-windows-amd64-cygwin\jdk8u20\1074\hotspot\src\share\vm\prims\jvm.cpp, line 1275]
Event: 3.350 Thread 0x0000000001f7e000 Exception <a 'java/security/PrivilegedActionException'> (0x0000000743d2f688) thrown at [D:\re\workspace\8-2-build-windows-amd64-cygwin\jdk8u20\1074\hotspot\src\share\vm\prims\jvm.cpp, line 1275]
Event: 3.350 Thread 0x0000000001f7e000 Exception <a 'java/security/PrivilegedActionException'> (0x0000000743d34e10) thrown at [D:\re\workspace\8-2-build-windows-amd64-cygwin\jdk8u20\1074\hotspot\src\share\vm\prims\jvm.cpp, line 1275]
Event: 3.351 Thread 0x0000000001f7e000 Exception <a 'java/security/PrivilegedActionException'> (0x0000000743d39e88) thrown at [D:\re\workspace\8-2-build-windows-amd64-cygwin\jdk8u20\1074\hotspot\src\share\vm\prims\jvm.cpp, line 1275]
Event: 3.361 Thread 0x0000000001f7e000 Exception <a 'java/security/PrivilegedActionException'> (0x0000000743d6bf80) thrown at [D:\re\workspace\8-2-build-windows-amd64-cygwin\jdk8u20\1074\hotspot\src\share\vm\prims\jvm.cpp, line 1275]
Event: 3.362 Thread 0x0000000001f7e000 Exception <a 'java/security/PrivilegedActionException'> (0x0000000743d72dc0) thrown at [D:\re\workspace\8-2-build-windows-amd64-cygwin\jdk8u20\1074\hotspot\src\share\vm\prims\jvm.cpp, line 1275]
Event: 3.364 Thread 0x0000000001f7e000 Exception <a 'java/security/PrivilegedActionException'> (0x0000000743daed00) thrown at [D:\re\workspace\8-2-build-windows-amd64-cygwin\jdk8u20\1074\hotspot\src\share\vm\prims\jvm.cpp, line 1275]
Event: 3.366 Thread 0x0000000001f7e000 Exception <a 'java/security/PrivilegedActionException'> (0x0000000743de6cc8) thrown at [D:\re\workspace\8-2-build-windows-amd64-cygwin\jdk8u20\1074\hotspot\src\share\vm\prims\jvm.cpp, line 1275]

Events (10 events):
Event: 103.107 Executing VM operation: ParallelGCFailedAllocation done
Event: 103.175 Executing VM operation: ParallelGCFailedAllocation
Event: 103.176 Executing VM operation: ParallelGCFailedAllocation done
Event: 103.242 Executing VM operation: ParallelGCFailedAllocation
Event: 103.242 Executing VM operation: ParallelGCFailedAllocation done
Event: 103.306 Executing VM operation: ParallelGCFailedAllocation
Event: 103.308 Executing VM operation: ParallelGCFailedAllocation done
Event: 103.384 Executing VM operation: ParallelGCFailedAllocation
Event: 103.385 Executing VM operation: ParallelGCFailedAllocation done
Event: 103.430 Executing VM operation: ParallelGCFailedAllocation


Dynamic libraries:
0x000000013f420000 - 0x000000013f454000 	C:\Program Files\Java\jdk1.8.0_20\bin\java.exe
0x0000000077550000 - 0x00000000776f9000 	C:\Windows\SYSTEM32\ntdll.dll
0x0000000077330000 - 0x000000007744f000 	C:\Windows\system32\kernel32.dll
0x000007fefd6c0000 - 0x000007fefd72c000 	C:\Windows\system32\KERNELBASE.dll
0x000007fefde90000 - 0x000007fefdf6b000 	C:\Windows\system32\ADVAPI32.dll
0x000007feff210000 - 0x000007feff2af000 	C:\Windows\system32\msvcrt.dll
0x000007fefe2f0000 - 0x000007fefe30f000 	C:\Windows\SYSTEM32\sechost.dll
0x000007fefdf90000 - 0x000007fefe0bd000 	C:\Windows\system32\RPCRT4.dll
0x0000000077450000 - 0x000000007754a000 	C:\Windows\system32\USER32.dll
0x000007fefde20000 - 0x000007fefde87000 	C:\Windows\system32\GDI32.dll
0x000007fefd750000 - 0x000007fefd75e000 	C:\Windows\system32\LPK.dll
0x000007feff140000 - 0x000007feff209000 	C:\Windows\system32\USP10.dll
0x000007fefcc70000 - 0x000007fefce64000 	C:\Windows\WinSxS\amd64_microsoft.windows.common-controls_6595b64144ccf1df_6.0.7601.17514_none_fa396087175ac9ac\COMCTL32.dll
0x000007feff7e0000 - 0x000007feff851000 	C:\Windows\system32\SHLWAPI.dll
0x000007feff7b0000 - 0x000007feff7de000 	C:\Windows\system32\IMM32.DLL
0x000007feff620000 - 0x000007feff729000 	C:\Windows\system32\MSCTF.dll
0x000000006cec0000 - 0x000000006cf92000 	C:\Program Files\Java\jdk1.8.0_20\jre\bin\msvcr100.dll
0x0000000057600000 - 0x0000000057e58000 	C:\Program Files\Java\jdk1.8.0_20\jre\bin\server\jvm.dll
0x000007fef2630000 - 0x000007fef2639000 	C:\Windows\system32\WSOCK32.dll
0x000007fefda50000 - 0x000007fefda9d000 	C:\Windows\system32\WS2_32.dll
0x000007feff610000 - 0x000007feff618000 	C:\Windows\system32\NSI.dll
0x000007fef9bb0000 - 0x000007fef9beb000 	C:\Windows\system32\WINMM.dll
0x0000000077710000 - 0x0000000077717000 	C:\Windows\system32\PSAPI.DLL
0x000000006f680000 - 0x000000006f68f000 	C:\Program Files\Java\jdk1.8.0_20\jre\bin\verify.dll
0x000000006e7a0000 - 0x000000006e7c8000 	C:\Program Files\Java\jdk1.8.0_20\jre\bin\java.dll
0x000000006f440000 - 0x000000006f456000 	C:\Program Files\Java\jdk1.8.0_20\jre\bin\zip.dll
0x000007fefe310000 - 0x000007feff098000 	C:\Windows\system32\SHELL32.dll
0x000007fefdc10000 - 0x000007fefde13000 	C:\Windows\system32\ole32.dll
0x000007fefd3a0000 - 0x000007fefd3af000 	C:\Windows\system32\profapi.dll
0x0000000055c50000 - 0x0000000055de8000 	C:\Program Files\Java\jdk1.8.0_20\jre\bin\awt.dll
0x000007feff530000 - 0x000007feff607000 	C:\Windows\system32\OLEAUT32.dll
0x000007fefb4d0000 - 0x000007fefb526000 	C:\Windows\system32\uxtheme.dll
0x000007fefab70000 - 0x000007fefab88000 	C:\Windows\system32\dwmapi.dll
0x000007fefd230000 - 0x000007fefd23f000 	C:\Windows\system32\CRYPTBASE.dll
0x000007fef8dc0000 - 0x000007fef8e60000 	C:\Windows\WinSxS\amd64_microsoft.windows.common-controls_6595b64144ccf1df_5.82.7601.18201_none_a4d3b9377117c3df\comctl32.dll
0x000000006d290000 - 0x000000006d2d7000 	C:\Program Files\Java\jdk1.8.0_20\jre\bin\fontmanager.dll
0x000007fef7cf0000 - 0x000007fef7eef000 	C:\Windows\system32\d3d9.dll
0x000007fefbf50000 - 0x000007fefbf5c000 	C:\Windows\system32\VERSION.dll
0x000007fef7ce0000 - 0x000007fef7ce7000 	C:\Windows\system32\d3d8thk.dll
0x000007fee5200000 - 0x000007fee62a3000 	C:\Windows\system32\nvd3dumx.dll
0x0000000023aa0000 - 0x0000000023bd4000 	C:\Windows\system32\nvspcap64.dll
0x000007fefd550000 - 0x000007fefd6bd000 	C:\Windows\system32\CRYPT32.dll
0x000007fefd390000 - 0x000007fefd39f000 	C:\Windows\system32\MSASN1.dll
0x000007fef8aa0000 - 0x000007fef8dbd000 	C:\Windows\system32\nvapi64.dll
0x000007feff2b0000 - 0x000007feff487000 	C:\Windows\system32\SETUPAPI.dll
0x000007fefd4b0000 - 0x000007fefd4e6000 	C:\Windows\system32\CFGMGR32.dll
0x000007fefd500000 - 0x000007fefd51a000 	C:\Windows\system32\DEVOBJ.dll
0x000007fefae70000 - 0x000007fefae9c000 	C:\Windows\system32\powrprof.dll
0x000007fee90b0000 - 0x000007fee9218000 	C:\Program Files (x86)\NVIDIA Corporation\3D Vision\nvSCPAPI64.dll
0x000000006e710000 - 0x000000006e72a000 	C:\Program Files\Java\jdk1.8.0_20\jre\bin\net.dll
0x000007fefc830000 - 0x000007fefc885000 	C:\Windows\system32\mswsock.dll
0x000007fefc820000 - 0x000007fefc827000 	C:\Windows\System32\wship6.dll
0x000000006e6d0000 - 0x000000006e6e1000 	C:\Program Files\Java\jdk1.8.0_20\jre\bin\nio.dll
0x000000006d240000 - 0x000000006d281000 	C:\Program Files\Java\jdk1.8.0_20\jre\bin\t2k.dll
0x000007feff490000 - 0x000007feff529000 	C:\Windows\system32\CLBCatQ.DLL
0x000007fefb570000 - 0x000007fefb69c000 	C:\Windows\system32\propsys.dll
0x000007fefb6f0000 - 0x000007fefb71d000 	C:\Windows\system32\ntmarta.dll
0x000007fefd760000 - 0x000007fefd7b2000 	C:\Windows\system32\WLDAP32.dll
0x000007fefd1d0000 - 0x000007fefd227000 	C:\Windows\system32\apphelp.dll
0x000007fef19b0000 - 0x000007fef1b4c000 	C:\Windows\system32\NetworkExplorer.dll
0x000007fef5ca0000 - 0x000007fef5cd4000 	C:\Windows\System32\shdocvw.dll
0x000007fef99b0000 - 0x000007fef99bb000 	C:\Windows\system32\slc.dll
0x000007fef6dd0000 - 0x000007fef6de8000 	C:\Windows\system32\MPR.dll
0x000007fef92c0000 - 0x000007fef92ca000 	C:\Windows\System32\drprov.dll
0x000007fefd190000 - 0x000007fefd1cd000 	C:\Windows\System32\WINSTA.dll
0x000007fef9290000 - 0x000007fef92b2000 	C:\Windows\System32\ntlanman.dll
0x000007feee310000 - 0x000007feee32c000 	C:\Windows\System32\davclnt.dll
0x000007fef9280000 - 0x000007fef928a000 	C:\Windows\System32\DAVHLPR.dll
0x000007fefcaa0000 - 0x000007fefcab5000 	C:\Windows\system32\wkscli.dll
0x000007fef6220000 - 0x000007fef622f000 	C:\Windows\system32\cscapi.dll
0x000007fefc4a0000 - 0x000007fefc4ac000 	C:\Windows\system32\netutils.dll
0x000007fee8200000 - 0x000007fee8471000 	C:\Windows\system32\wpdshext.dll
0x000007fefb2b0000 - 0x000007fefb4c6000 	C:\Windows\WinSxS\amd64_microsoft.windows.gdiplus_6595b64144ccf1df_1.1.7601.18455_none_2b283fd671e9bf4d\gdiplus.dll
0x000007fef6880000 - 0x000007fef693d000 	C:\Windows\system32\PortableDeviceApi.dll
0x000007fefd3b0000 - 0x000007fefd3eb000 	C:\Windows\system32\WINTRUST.dll
0x000007fef4980000 - 0x000007fef49b5000 	C:\Windows\system32\EhStorShell.dll
0x000007fef9fb0000 - 0x000007fef9fd7000 	C:\Windows\system32\EhStorAPI.dll
0x000007fef5c90000 - 0x000007fef5c9c000 	C:\Windows\system32\LINKINFO.dll
0x000007fef9e30000 - 0x000007fef9f91000 	C:\Windows\system32\WindowsCodecs.dll
0x000007fef4140000 - 0x000007fef47af000 	C:\PROGRA~1\MICROS~3\Office14\GROOVEEX.DLL
0x000000006fc20000 - 0x000000006fcbd000 	C:\Windows\WinSxS\amd64_microsoft.vc90.crt_1fc8b3b9a1e18e3b_9.0.30729.4940_none_08e4299fa83d7e3c\MSVCR90.dll
0x000000006fb40000 - 0x000000006fc13000 	C:\Windows\WinSxS\amd64_microsoft.vc90.crt_1fc8b3b9a1e18e3b_9.0.30729.4940_none_08e4299fa83d7e3c\MSVCP90.dll
0x000000006fb10000 - 0x000000006fb3f000 	C:\Windows\WinSxS\amd64_microsoft.vc90.atl_1fc8b3b9a1e18e3b_9.0.30729.4148_none_0a1d2fcba76b3f00\ATL90.DLL
0x000007fef3a50000 - 0x000007fef3e6a000 	C:\PROGRA~1\COMMON~1\MICROS~1\OFFICE14\Cultures\office.odf
0x000007fef31e0000 - 0x000007fef3a45000 	C:\PROGRA~1\MICROS~3\Office14\1033\GrooveIntlResource.dll
0x000007fef3160000 - 0x000007fef31de000 	C:\Windows\System32\cscui.dll
0x000007fef3150000 - 0x000007fef315c000 	C:\Windows\System32\CSCDLL.dll
0x000007fef30d0000 - 0x000007fef3150000 	C:\Windows\system32\ntshrui.dll
0x000007fefce80000 - 0x000007fefcea3000 	C:\Windows\system32\srvcli.dll
0x000007feeabf0000 - 0x000007feead15000 	C:\Windows\system32\dbghelp.dll

VM Arguments:
jvm_args: -Dfile.encoding=UTF-8 -Xmx6000m -Xss4000m 
java_command: moavns.MOAVNS
java_class_path (initial): C:\Users\Gustavo\Downloads\guava-18.0.jar;C:\Users\Gustavo\Documents\NetBeansProjects\MOAVNS\MOA---VNS\build\classes
Launcher Type: SUN_STANDARD

Environment Variables:
JAVA_HOME=.;;C:\Program Files\Java\jdk1.8.0_20;C:\Program Files\Java\jre8;C:\Program Files (x86)\Java\jre7
PATH=C:\ProgramData\Oracle\Java\javapath;C:\Program Files (x86)\NVIDIA Corporation\PhysX\Common;C:\Program Files (x86)\Intel\iCLS Client\;C:\Program Files\Intel\iCLS Client\;C:\Windows\system32;C:\Windows;C:\Windows\System32\Wbem;C:\Windows\System32\WindowsPowerShell\v1.0\;C:\Program Files\Intel\Intel(R) Management Engine Components\DAL;C:\Program Files\Intel\Intel(R) Management Engine Components\IPT;C:\Program Files (x86)\Intel\Intel(R) Management Engine Components\DAL;C:\Program Files (x86)\Intel\Intel(R) Management Engine Components\IPT
USERNAME=Gustavo
OS=Windows_NT
PROCESSOR_IDENTIFIER=Intel64 Family 6 Model 58 Stepping 9, GenuineIntel



---------------  S Y S T E M  ---------------

OS: Windows 7 , 64 bit Build 7601 Service Pack 1

CPU:total 8 (4 cores per cpu, 2 threads per core) family 6 model 58 stepping 9, cmov, cx8, fxsr, mmx, sse, sse2, sse3, ssse3, sse4.1, sse4.2, popcnt, avx, aes, clmul, erms, ht, tsc, tscinvbit, tscinv

Memory: 4k page, physical 8333288k(2942304k free), swap 16664712k(3919800k free)

vm_info: Java HotSpot(TM) 64-Bit Server VM (25.20-b23) for windows-amd64 JRE (1.8.0_20-b26), built on Jul 30 2014 13:51:23 by "java_re" with MS VC++ 10.0 (VS2010)

time: Mon Nov 17 00:44:24 2014
elapsed time: 103 seconds (0d 0h 1m 43s)

