#
# A fatal error has been detected by the Java Runtime Environment:
#
#  EXCEPTION_ACCESS_VIOLATION (0xc0000005) at pc=0x0000000002751d95, pid=5148, tid=5412
#
# JRE version: Java(TM) SE Runtime Environment (8.0_20-b26) (build 1.8.0_20-b26)
# Java VM: Java HotSpot(TM) 64-Bit Server VM (25.20-b23 mixed mode windows-amd64 compressed oops)
# Problematic frame:
# J 1173 C2 java.util.HashMap.put(Ljava/lang/Object;Ljava/lang/Object;)Ljava/lang/Object; (13 bytes) @ 0x0000000002751d95 [0x0000000002751ce0+0xb5]
#
# Failed to write core dump. Minidumps are not enabled by default on client versions of Windows
#
# If you would like to submit a bug report, please visit:
#   http://bugreport.sun.com/bugreport/crash.jsp
#

---------------  T H R E A D  ---------------

Current thread (0x0000000001f3e000):  JavaThread "main" [_thread_in_Java, id=5412, stack(0x000000013fd20000,0x0000000239d20000)]

siginfo: ExceptionCode=0xc0000005, reading address 0x000000000000007b

Registers:
RAX=0x000000000000007b, RBX=0x00000000f80038e1, RCX=0x00000000c921bb7e, RDX=0x00000006490538a0
RSP=0x0000000239d1ee60, RBP=0x00000006490538a0, RSI=0x000000000000007b, RDI=0x00000000c920a714
R8 =0x00000006490538a0, R9 =0x00000006490ddbf0, R10=0x000000000000007b, R11=0x000000001fd40648
R12=0x0000000000000000, R13=0x0000000649521398, R14=0x00000000f80038e1, R15=0x0000000001f3e000
RIP=0x0000000002751d95, EFLAGS=0x0000000000010202

Top of Stack: (sp=0x0000000239d1ee60)
0x0000000239d1ee60:   000000074798e578 000000060000007a
0x0000000239d1ee70:   00000007476c4990 00000006490ddbf0
0x0000000239d1ee80:   00000007476c5220 00000007476c532c
0x0000000239d1ee90:   c921cac9f80038e1 00000006490538a0
0x0000000239d1eea0:   0000000001f3e000 0000000062a9b0b6
0x0000000239d1eeb0:   00000000ffffffff 0000000002780d90
0x0000000239d1eec0:   00000007438d7720 00000007c0060218
0x0000000239d1eed0:   e871aeffe871aee4 00000007438db798
0x0000000239d1eee0:   000000074798e550 0000000649521398
0x0000000239d1eef0:   00000007c001af70 c92a46b400000000
0x0000000239d1ef00:   0000000649525438 0000000800000000
0x0000000239d1ef10:   00000006495235a0 0000007d0000012c
0x0000000239d1ef20:   00000006c92a4a83 00000007c92a4280
0x0000000239d1ef30:   000000074798e5a8 000000000000000a
0x0000000239d1ef40:   000000000000003f 0000000700000005
0x0000000239d1ef50:   0000000002367a2d 0000000743598fd8 

Instructions: (pc=0x0000000002751d95)
0x0000000002751d75:   06 00 00 44 8b d0 41 c1 ea 10 44 33 d0 44 89 54
0x0000000002751d85:   24 08 4c 8b 14 24 45 8b 5a 24 45 85 db 0f 84 fb
0x0000000002751d95:   02 00 00 47 8b 4c dc 0c 45 85 c9 0f 84 ed 02 00
0x0000000002751da5:   00 4b 8d 3c dc 41 8b e9 ff cd 23 6c 24 08 41 3b 


Register to memory mapping:

RAX=0x000000000000007b is an unknown value
RBX=0x00000000f80038e1 is an unknown value
RCX=0x00000000c921bb7e is an unknown value
RDX=0x00000006490538a0 is an oop
java.lang.Integer 
 - klass: 'java/lang/Integer'
RSP=0x0000000239d1ee60 is pointing into the stack for thread: 0x0000000001f3e000
RBP=0x00000006490538a0 is an oop
java.lang.Integer 
 - klass: 'java/lang/Integer'
RSI=0x000000000000007b is an unknown value
RDI=0x00000000c920a714 is an unknown value
R8 =0x00000006490538a0 is an oop
java.lang.Integer 
 - klass: 'java/lang/Integer'
R9 =0x00000006490ddbf0 is an oop
moavns.Coluna 
 - klass: 'moavns/Coluna'
R10=0x000000000000007b is an unknown value
R11={method} {0x000000001fd40650} 'hashCode' '()I' in 'java/lang/Object'
R12=0x0000000000000000 is an unknown value
R13=0x0000000649521398 is an oop
moavns.Solucao 
 - klass: 'moavns/Solucao'
R14=0x00000000f80038e1 is an unknown value
R15=0x0000000001f3e000 is a thread


Stack: [0x000000013fd20000,0x0000000239d20000],  sp=0x0000000239d1ee60,  free space=4095995k
Native frames: (J=compiled Java code, j=interpreted, Vv=VM code, C=native code)
C  0x0000000002751d95


---------------  P R O C E S S  ---------------

Java Threads: ( => current thread )
  0x000000002330f000 JavaThread "TimerQueue" daemon [_thread_blocked, id=5836, stack(0x0000000fd0180000,0x00000010ca180000)]
  0x0000000023300000 JavaThread "D3D Screen Updater" daemon [_thread_blocked, id=1924, stack(0x0000000ed6180000,0x0000000fd0180000)]
  0x00000000231fc800 JavaThread "Swing-Shell" daemon [_thread_blocked, id=3432, stack(0x0000000ddc000000,0x0000000ed6000000)]
  0x0000000021c3f000 JavaThread "AWT-Windows" daemon [_thread_in_native, id=1068, stack(0x0000000aee000000,0x0000000be8000000)]
  0x0000000023193000 JavaThread "Java2D Disposer" daemon [_thread_blocked, id=2216, stack(0x00000008fa000000,0x00000009f4000000)]
  0x0000000021974800 JavaThread "Service Thread" daemon [_thread_blocked, id=5664, stack(0x0000000800000000,0x00000008fa000000)]
  0x0000000021904800 JavaThread "C1 CompilerThread3" daemon [_thread_blocked, id=5796, stack(0x0000000022f20000,0x0000000023020000)]
  0x0000000021903800 JavaThread "C2 CompilerThread2" daemon [_thread_blocked, id=6132, stack(0x0000000022d40000,0x0000000022e40000)]
  0x00000000218f0800 JavaThread "C2 CompilerThread1" daemon [_thread_blocked, id=5752, stack(0x0000000022b00000,0x0000000022c00000)]
  0x00000000218e9000 JavaThread "C2 CompilerThread0" daemon [_thread_blocked, id=1540, stack(0x00000000229e0000,0x0000000022ae0000)]
  0x00000000218f7800 JavaThread "Attach Listener" daemon [_thread_blocked, id=3444, stack(0x0000000527d20000,0x0000000621d20000)]
  0x00000000218f6000 JavaThread "Signal Dispatcher" daemon [_thread_blocked, id=5592, stack(0x000000042dd20000,0x0000000527d20000)]
  0x0000000001e8d800 JavaThread "Finalizer" daemon [_thread_blocked, id=2584, stack(0x0000000333d20000,0x000000042dd20000)]
  0x0000000020724000 JavaThread "Reference Handler" daemon [_thread_blocked, id=4312, stack(0x0000000239d20000,0x0000000333d20000)]
=>0x0000000001f3e000 JavaThread "main" [_thread_in_Java, id=5412, stack(0x000000013fd20000,0x0000000239d20000)]

Other Threads:
  0x00000000218a3800 VMThread [stack: 0x00000000228e0000,0x00000000229e0000] [id=5048]
  0x0000000021979800 WatcherThread [stack: 0x0000000023040000,0x0000000023140000] [id=2652]

VM state:not at safepoint (normal execution)

VM Mutex/Monitor currently owned by a thread: None

Heap:
 PSYoungGen      total 173056K, used 75984K [0x0000000743000000, 0x00000007aca80000, 0x00000007c0000000)
  eden space 172544K, 44% used [0x0000000743000000,0x0000000747a24070,0x000000074d880000)
  from space 512K, 12% used [0x00000007aca00000,0x00000007aca10000,0x00000007aca80000)
  to   space 512K, 0% used [0x00000007ac980000,0x00000007ac980000,0x00000007aca00000)
 ParOldGen       total 87552K, used 5708K [0x0000000649000000, 0x000000064e580000, 0x0000000743000000)
  object space 87552K, 6% used [0x0000000649000000,0x0000000649593398,0x000000064e580000)
 Metaspace       used 13145K, capacity 13306K, committed 13568K, reserved 1060864K
  class space    used 1720K, capacity 1776K, committed 1792K, reserved 1048576K

Card table byte_map: [0x0000000011720000,0x00000000122e0000] byte_map_base: 0x000000000e4d8000

Marking Bits: (ParMarkBitMap*) 0x000000006317b460
 Begin Bits: [0x0000000013600000, 0x00000000193c0000)
 End Bits:   [0x00000000193c0000, 0x000000001f180000)

Polling page: 0x0000000000340000

CodeCache: size=245760Kb used=4698Kb max_used=4725Kb free=241062Kb
 bounds [0x0000000002360000, 0x0000000002810000, 0x0000000011360000]
 total_blobs=1848 nmethods=1340 adapters=421
 compilation: enabled

Compilation events (10 events):
Event: 35.901 Thread 0x00000000218e9000 1336       4       com.google.common.base.Preconditions::checkNotNull (14 bytes)
Event: 35.902 Thread 0x00000000218e9000 nmethod 1336 0x0000000002785750 code [0x0000000002785880, 0x00000000027858d8]
Event: 36.994 Thread 0x0000000021904800 1337       3       java.nio.CharBuffer::arrayOffset (35 bytes)
Event: 36.995 Thread 0x0000000021904800 nmethod 1337 0x00000000027b3510 code [0x00000000027b36a0, 0x00000000027b3998]
Event: 37.036 Thread 0x0000000021904800 1338       3       moavns.Solucao::setCustototal (6 bytes)
Event: 37.036 Thread 0x0000000021904800 nmethod 1338 0x00000000027d9750 code [0x00000000027d98a0, 0x00000000027d99f0]
Event: 37.107 Thread 0x0000000021903800 1339       4       moavns.EstruturasVizinhanca::TwoFlip (524 bytes)
Event: 37.201 Thread 0x0000000021903800 nmethod 1339 0x00000000027ff290 code [0x00000000027ff6c0, 0x00000000028038d8]
Event: 88.253 Thread 0x0000000021904800 1340       1       moavns.Solucao::setCustototal (6 bytes)
Event: 88.253 Thread 0x0000000021904800 nmethod 1340 0x00000000027b3210 code [0x00000000027b3360, 0x00000000027b3470]

GC Heap History (10 events):
Event: 130.420 GC heap before
{Heap before GC invocations=1004 (full 0):
 PSYoungGen      total 214016K, used 213600K [0x0000000743000000, 0x00000007aca80000, 0x00000007c0000000)
  eden space 213504K, 100% used [0x0000000743000000,0x0000000750080000,0x0000000750080000)
  from space 512K, 18% used [0x00000007ac980000,0x00000007ac998000,0x00000007aca00000)
  to   space 512K, 0% used [0x00000007aca00000,0x00000007aca00000,0x00000007aca80000)
 ParOldGen       total 87552K, used 5708K [0x0000000649000000, 0x000000064e580000, 0x0000000743000000)
  object space 87552K, 6% used [0x0000000649000000,0x0000000649593398,0x000000064e580000)
 Metaspace       used 13145K, capacity 13306K, committed 13568K, reserved 1060864K
  class space    used 1720K, capacity 1776K, committed 1792K, reserved 1048576K
Event: 130.420 GC heap after
Heap after GC invocations=1004 (full 0):
 PSYoungGen      total 204800K, used 0K [0x0000000743000000, 0x00000007aca80000, 0x00000007c0000000)
  eden space 204288K, 0% used [0x0000000743000000,0x0000000743000000,0x000000074f780000)
  from space 512K, 0% used [0x00000007aca00000,0x00000007aca00000,0x00000007aca80000)
  to   space 512K, 0% used [0x00000007ac980000,0x00000007ac980000,0x00000007aca00000)
 ParOldGen       total 87552K, used 5708K [0x0000000649000000, 0x000000064e580000, 0x0000000743000000)
  object space 87552K, 6% used [0x0000000649000000,0x0000000649593398,0x000000064e580000)
 Metaspace       used 13145K, capacity 13306K, committed 13568K, reserved 1060864K
  class space    used 1720K, capacity 1776K, committed 1792K, reserved 1048576K
}
Event: 130.534 GC heap before
{Heap before GC invocations=1005 (full 0):
 PSYoungGen      total 204800K, used 204288K [0x0000000743000000, 0x00000007aca80000, 0x00000007c0000000)
  eden space 204288K, 100% used [0x0000000743000000,0x000000074f780000,0x000000074f780000)
  from space 512K, 0% used [0x00000007aca00000,0x00000007aca00000,0x00000007aca80000)
  to   space 512K, 0% used [0x00000007ac980000,0x00000007ac980000,0x00000007aca00000)
 ParOldGen       total 87552K, used 5708K [0x0000000649000000, 0x000000064e580000, 0x0000000743000000)
  object space 87552K, 6% used [0x0000000649000000,0x0000000649593398,0x000000064e580000)
 Metaspace       used 13145K, capacity 13306K, committed 13568K, reserved 1060864K
  class space    used 1720K, capacity 1776K, committed 1792K, reserved 1048576K
Event: 130.534 GC heap after
Heap after GC invocations=1005 (full 0):
 PSYoungGen      total 196096K, used 32K [0x0000000743000000, 0x00000007aca80000, 0x00000007c0000000)
  eden space 195584K, 0% used [0x0000000743000000,0x0000000743000000,0x000000074ef00000)
  from space 512K, 6% used [0x00000007ac980000,0x00000007ac988000,0x00000007aca00000)
  to   space 512K, 0% used [0x00000007aca00000,0x00000007aca00000,0x00000007aca80000)
 ParOldGen       total 87552K, used 5708K [0x0000000649000000, 0x000000064e580000, 0x0000000743000000)
  object space 87552K, 6% used [0x0000000649000000,0x0000000649593398,0x000000064e580000)
 Metaspace       used 13145K, capacity 13306K, committed 13568K, reserved 1060864K
  class space    used 1720K, capacity 1776K, committed 1792K, reserved 1048576K
}
Event: 130.642 GC heap before
{Heap before GC invocations=1006 (full 0):
 PSYoungGen      total 196096K, used 195616K [0x0000000743000000, 0x00000007aca80000, 0x00000007c0000000)
  eden space 195584K, 100% used [0x0000000743000000,0x000000074ef00000,0x000000074ef00000)
  from space 512K, 6% used [0x00000007ac980000,0x00000007ac988000,0x00000007aca00000)
  to   space 512K, 0% used [0x00000007aca00000,0x00000007aca00000,0x00000007aca80000)
 ParOldGen       total 87552K, used 5708K [0x0000000649000000, 0x000000064e580000, 0x0000000743000000)
  object space 87552K, 6% used [0x0000000649000000,0x0000000649593398,0x000000064e580000)
 Metaspace       used 13145K, capacity 13306K, committed 13568K, reserved 1060864K
  class space    used 1720K, capacity 1776K, committed 1792K, reserved 1048576K
Event: 130.642 GC heap after
Heap after GC invocations=1006 (full 0):
 PSYoungGen      total 187904K, used 64K [0x0000000743000000, 0x00000007aca80000, 0x00000007c0000000)
  eden space 187392K, 0% used [0x0000000743000000,0x0000000743000000,0x000000074e700000)
  from space 512K, 12% used [0x00000007aca00000,0x00000007aca10000,0x00000007aca80000)
  to   space 512K, 0% used [0x00000007ac980000,0x00000007ac980000,0x00000007aca00000)
 ParOldGen       total 87552K, used 5708K [0x0000000649000000, 0x000000064e580000, 0x0000000743000000)
  object space 87552K, 6% used [0x0000000649000000,0x0000000649593398,0x000000064e580000)
 Metaspace       used 13145K, capacity 13306K, committed 13568K, reserved 1060864K
  class space    used 1720K, capacity 1776K, committed 1792K, reserved 1048576K
}
Event: 130.746 GC heap before
{Heap before GC invocations=1007 (full 0):
 PSYoungGen      total 187904K, used 187456K [0x0000000743000000, 0x00000007aca80000, 0x00000007c0000000)
  eden space 187392K, 100% used [0x0000000743000000,0x000000074e700000,0x000000074e700000)
  from space 512K, 12% used [0x00000007aca00000,0x00000007aca10000,0x00000007aca80000)
  to   space 512K, 0% used [0x00000007ac980000,0x00000007ac980000,0x00000007aca00000)
 ParOldGen       total 87552K, used 5708K [0x0000000649000000, 0x000000064e580000, 0x0000000743000000)
  object space 87552K, 6% used [0x0000000649000000,0x0000000649593398,0x000000064e580000)
 Metaspace       used 13145K, capacity 13306K, committed 13568K, reserved 1060864K
  class space    used 1720K, capacity 1776K, committed 1792K, reserved 1048576K
Event: 130.747 GC heap after
Heap after GC invocations=1007 (full 0):
 PSYoungGen      total 180224K, used 32K [0x0000000743000000, 0x00000007aca80000, 0x00000007c0000000)
  eden space 179712K, 0% used [0x0000000743000000,0x0000000743000000,0x000000074df80000)
  from space 512K, 6% used [0x00000007ac980000,0x00000007ac988000,0x00000007aca00000)
  to   space 512K, 0% used [0x00000007aca00000,0x00000007aca00000,0x00000007aca80000)
 ParOldGen       total 87552K, used 5708K [0x0000000649000000, 0x000000064e580000, 0x0000000743000000)
  object space 87552K, 6% used [0x0000000649000000,0x0000000649593398,0x000000064e580000)
 Metaspace       used 13145K, capacity 13306K, committed 13568K, reserved 1060864K
  class space    used 1720K, capacity 1776K, committed 1792K, reserved 1048576K
}
Event: 130.846 GC heap before
{Heap before GC invocations=1008 (full 0):
 PSYoungGen      total 180224K, used 179744K [0x0000000743000000, 0x00000007aca80000, 0x00000007c0000000)
  eden space 179712K, 100% used [0x0000000743000000,0x000000074df80000,0x000000074df80000)
  from space 512K, 6% used [0x00000007ac980000,0x00000007ac988000,0x00000007aca00000)
  to   space 512K, 0% used [0x00000007aca00000,0x00000007aca00000,0x00000007aca80000)
 ParOldGen       total 87552K, used 5708K [0x0000000649000000, 0x000000064e580000, 0x0000000743000000)
  object space 87552K, 6% used [0x0000000649000000,0x0000000649593398,0x000000064e580000)
 Metaspace       used 13145K, capacity 13306K, committed 13568K, reserved 1060864K
  class space    used 1720K, capacity 1776K, committed 1792K, reserved 1048576K
Event: 130.847 GC heap after
Heap after GC invocations=1008 (full 0):
 PSYoungGen      total 173056K, used 64K [0x0000000743000000, 0x00000007aca80000, 0x00000007c0000000)
  eden space 172544K, 0% used [0x0000000743000000,0x0000000743000000,0x000000074d880000)
  from space 512K, 12% used [0x00000007aca00000,0x00000007aca10000,0x00000007aca80000)
  to   space 512K, 0% used [0x00000007ac980000,0x00000007ac980000,0x00000007aca00000)
 ParOldGen       total 87552K, used 5708K [0x0000000649000000, 0x000000064e580000, 0x0000000743000000)
  object space 87552K, 6% used [0x0000000649000000,0x0000000649593398,0x000000064e580000)
 Metaspace       used 13145K, capacity 13306K, committed 13568K, reserved 1060864K
  class space    used 1720K, capacity 1776K, committed 1792K, reserved 1048576K
}

Deoptimization events (10 events):
Event: 0.500 Thread 0x0000000001f3e000 Uncommon trap: reason=class_check action=maybe_recompile pc=0x0000000002500204 method=java.lang.String.equals(Ljava/lang/Object;)Z @ 8
Event: 0.500 Thread 0x0000000001f3e000 Uncommon trap: reason=class_check action=maybe_recompile pc=0x0000000002500204 method=java.lang.String.equals(Ljava/lang/Object;)Z @ 8
Event: 3.514 Thread 0x0000000001f3e000 Uncommon trap: reason=class_check action=maybe_recompile pc=0x0000000002732aec method=com.google.common.collect.NaturalOrdering.compare(Ljava/lang/Object;Ljava/lang/Object;)I @ 2
Event: 3.514 Thread 0x0000000001f3e000 Uncommon trap: reason=class_check action=maybe_recompile pc=0x0000000002732aec method=com.google.common.collect.NaturalOrdering.compare(Ljava/lang/Object;Ljava/lang/Object;)I @ 2
Event: 3.514 Thread 0x0000000001f3e000 Uncommon trap: reason=class_check action=maybe_recompile pc=0x0000000002732aec method=com.google.common.collect.NaturalOrdering.compare(Ljava/lang/Object;Ljava/lang/Object;)I @ 2
Event: 3.514 Thread 0x0000000001f3e000 Uncommon trap: reason=class_check action=maybe_recompile pc=0x0000000002732aec method=com.google.common.collect.NaturalOrdering.compare(Ljava/lang/Object;Ljava/lang/Object;)I @ 2
Event: 3.604 Thread 0x0000000001f3e000 Uncommon trap: reason=unreached action=reinterpret pc=0x0000000002772354 method=java.util.HashMap.keySet()Ljava/util/Set; @ 6
Event: 4.766 Thread 0x00000000231ae000 Uncommon trap: reason=predicate action=maybe_recompile pc=0x00000000027557e4 method=java.util.ArrayList.remove(Ljava/lang/Object;)Z @ 49
Event: 9.516 Thread 0x0000000001f3e000 Uncommon trap: reason=predicate action=maybe_recompile pc=0x00000000027ad698 method=java.util.TreeMap.put(Ljava/lang/Object;Ljava/lang/Object;)Ljava/lang/Object; @ 58
Event: 10.215 Thread 0x0000000001f3e000 Uncommon trap: reason=predicate action=maybe_recompile pc=0x00000000027a92b0 method=java.util.TreeMap.put(Ljava/lang/Object;Ljava/lang/Object;)Ljava/lang/Object; @ 58

Internal exceptions (10 events):
Event: 3.501 Thread 0x0000000001f3e000 Exception <a 'java/security/PrivilegedActionException'> (0x0000000743d29908) thrown at [D:\re\workspace\8-2-build-windows-amd64-cygwin\jdk8u20\1074\hotspot\src\share\vm\prims\jvm.cpp, line 1275]
Event: 3.501 Thread 0x0000000001f3e000 Exception <a 'java/security/PrivilegedActionException'> (0x0000000743d2ef18) thrown at [D:\re\workspace\8-2-build-windows-amd64-cygwin\jdk8u20\1074\hotspot\src\share\vm\prims\jvm.cpp, line 1275]
Event: 3.502 Thread 0x0000000001f3e000 Exception <a 'java/security/PrivilegedActionException'> (0x0000000743d346a0) thrown at [D:\re\workspace\8-2-build-windows-amd64-cygwin\jdk8u20\1074\hotspot\src\share\vm\prims\jvm.cpp, line 1275]
Event: 3.502 Thread 0x0000000001f3e000 Exception <a 'java/security/PrivilegedActionException'> (0x0000000743d39718) thrown at [D:\re\workspace\8-2-build-windows-amd64-cygwin\jdk8u20\1074\hotspot\src\share\vm\prims\jvm.cpp, line 1275]
Event: 3.513 Thread 0x0000000001f3e000 Exception <a 'java/security/PrivilegedActionException'> (0x0000000743d6b810) thrown at [D:\re\workspace\8-2-build-windows-amd64-cygwin\jdk8u20\1074\hotspot\src\share\vm\prims\jvm.cpp, line 1275]
Event: 3.513 Thread 0x0000000001f3e000 Exception <a 'java/security/PrivilegedActionException'> (0x0000000743d72598) thrown at [D:\re\workspace\8-2-build-windows-amd64-cygwin\jdk8u20\1074\hotspot\src\share\vm\prims\jvm.cpp, line 1275]
Event: 3.516 Thread 0x0000000001f3e000 Exception <a 'java/security/PrivilegedActionException'> (0x0000000743dae528) thrown at [D:\re\workspace\8-2-build-windows-amd64-cygwin\jdk8u20\1074\hotspot\src\share\vm\prims\jvm.cpp, line 1275]
Event: 3.580 Thread 0x0000000001f3e000 Exception <a 'java/security/PrivilegedActionException'> (0x00000007446aacd8) thrown at [D:\re\workspace\8-2-build-windows-amd64-cygwin\jdk8u20\1074\hotspot\src\share\vm\prims\jvm.cpp, line 1275]
Event: 3.604 Thread 0x0000000001f3e000 Implicit null exception at 0x000000000277133b to 0x0000000002772345
Event: 130.889 Thread 0x0000000001f3e000 Implicit null exception at 0x0000000002751d95 to 0x0000000000000000

Events (10 events):
Event: 130.420 Executing VM operation: ParallelGCFailedAllocation
Event: 130.420 Executing VM operation: ParallelGCFailedAllocation done
Event: 130.534 Executing VM operation: ParallelGCFailedAllocation
Event: 130.534 Executing VM operation: ParallelGCFailedAllocation done
Event: 130.642 Executing VM operation: ParallelGCFailedAllocation
Event: 130.642 Executing VM operation: ParallelGCFailedAllocation done
Event: 130.746 Executing VM operation: ParallelGCFailedAllocation
Event: 130.747 Executing VM operation: ParallelGCFailedAllocation done
Event: 130.846 Executing VM operation: ParallelGCFailedAllocation
Event: 130.847 Executing VM operation: ParallelGCFailedAllocation done


Dynamic libraries:
0x000000013fce0000 - 0x000000013fd14000 	C:\Program Files\Java\jdk1.8.0_20\bin\java.exe
0x0000000077360000 - 0x0000000077509000 	C:\Windows\SYSTEM32\ntdll.dll
0x0000000077140000 - 0x000000007725f000 	C:\Windows\system32\kernel32.dll
0x000007fefd320000 - 0x000007fefd38c000 	C:\Windows\system32\KERNELBASE.dll
0x000007fefd970000 - 0x000007fefda4b000 	C:\Windows\system32\ADVAPI32.dll
0x000007fefd6f0000 - 0x000007fefd78f000 	C:\Windows\system32\msvcrt.dll
0x000007fefdc80000 - 0x000007fefdc9f000 	C:\Windows\SYSTEM32\sechost.dll
0x000007fefdca0000 - 0x000007fefddcd000 	C:\Windows\system32\RPCRT4.dll
0x0000000077260000 - 0x000000007735a000 	C:\Windows\system32\USER32.dll
0x000007fefd600000 - 0x000007fefd667000 	C:\Windows\system32\GDI32.dll
0x000007fefddd0000 - 0x000007fefddde000 	C:\Windows\system32\LPK.dll
0x000007feff580000 - 0x000007feff649000 	C:\Windows\system32\USP10.dll
0x000007fefc9a0000 - 0x000007fefcb94000 	C:\Windows\WinSxS\amd64_microsoft.windows.common-controls_6595b64144ccf1df_6.0.7601.17514_none_fa396087175ac9ac\COMCTL32.dll
0x000007fefd670000 - 0x000007fefd6e1000 	C:\Windows\system32\SHLWAPI.dll
0x000007fefd940000 - 0x000007fefd96e000 	C:\Windows\system32\IMM32.DLL
0x000007fefd790000 - 0x000007fefd899000 	C:\Windows\system32\MSCTF.dll
0x00000000661b0000 - 0x0000000066282000 	C:\Program Files\Java\jdk1.8.0_20\jre\bin\msvcr100.dll
0x00000000629a0000 - 0x00000000631f8000 	C:\Program Files\Java\jdk1.8.0_20\jre\bin\server\jvm.dll
0x000007fef9f90000 - 0x000007fef9f99000 	C:\Windows\system32\WSOCK32.dll
0x000007fefdc30000 - 0x000007fefdc7d000 	C:\Windows\system32\WS2_32.dll
0x000007fefeb70000 - 0x000007fefeb78000 	C:\Windows\system32\NSI.dll
0x000007fefa380000 - 0x000007fefa3bb000 	C:\Windows\system32\WINMM.dll
0x0000000077530000 - 0x0000000077537000 	C:\Windows\system32\PSAPI.DLL
0x000000006e100000 - 0x000000006e10f000 	C:\Program Files\Java\jdk1.8.0_20\jre\bin\verify.dll
0x000000006e0d0000 - 0x000000006e0f8000 	C:\Program Files\Java\jdk1.8.0_20\jre\bin\java.dll
0x000000006e030000 - 0x000000006e046000 	C:\Program Files\Java\jdk1.8.0_20\jre\bin\zip.dll
0x000007fefdde0000 - 0x000007fefeb68000 	C:\Windows\system32\SHELL32.dll
0x000007fefed50000 - 0x000007fefef53000 	C:\Windows\system32\ole32.dll
0x000007fefd1a0000 - 0x000007fefd1af000 	C:\Windows\system32\profapi.dll
0x0000000063ed0000 - 0x0000000064068000 	C:\Program Files\Java\jdk1.8.0_20\jre\bin\awt.dll
0x000007fefef60000 - 0x000007feff037000 	C:\Windows\system32\OLEAUT32.dll
0x000007fefb2e0000 - 0x000007fefb336000 	C:\Windows\system32\uxtheme.dll
0x000007fefa8f0000 - 0x000007fefa908000 	C:\Windows\system32\dwmapi.dll
0x000007fefd040000 - 0x000007fefd04f000 	C:\Windows\system32\CRYPTBASE.dll
0x000007fef96c0000 - 0x000007fef9760000 	C:\Windows\WinSxS\amd64_microsoft.windows.common-controls_6595b64144ccf1df_5.82.7601.18201_none_a4d3b9377117c3df\comctl32.dll
0x00000000662a0000 - 0x00000000662e7000 	C:\Program Files\Java\jdk1.8.0_20\jre\bin\fontmanager.dll
0x000007fef8420000 - 0x000007fef861f000 	C:\Windows\system32\d3d9.dll
0x000007fefc260000 - 0x000007fefc26c000 	C:\Windows\system32\VERSION.dll
0x000007fef8410000 - 0x000007fef8417000 	C:\Windows\system32\d3d8thk.dll
0x000007fedd660000 - 0x000007fede703000 	C:\Windows\system32\nvd3dumx.dll
0x0000000023940000 - 0x0000000023a74000 	C:\Windows\system32\nvspcap64.dll
0x000007fefd3b0000 - 0x000007fefd51d000 	C:\Windows\system32\CRYPT32.dll
0x000007fefd1b0000 - 0x000007fefd1bf000 	C:\Windows\system32\MSASN1.dll
0x000007fef93a0000 - 0x000007fef96bd000 	C:\Windows\system32\nvapi64.dll
0x000007fefda50000 - 0x000007fefdc27000 	C:\Windows\system32\SETUPAPI.dll
0x000007fefd2e0000 - 0x000007fefd316000 	C:\Windows\system32\CFGMGR32.dll
0x000007fefd1c0000 - 0x000007fefd1da000 	C:\Windows\system32\DEVOBJ.dll
0x000007fefac10000 - 0x000007fefac3c000 	C:\Windows\system32\powrprof.dll
0x000007fedf650000 - 0x000007fedf7b8000 	C:\Program Files (x86)\NVIDIA Corporation\3D Vision\nvSCPAPI64.dll
0x0000000066310000 - 0x000000006632a000 	C:\Program Files\Java\jdk1.8.0_20\jre\bin\net.dll
0x000007fefc5e0000 - 0x000007fefc635000 	C:\Windows\system32\mswsock.dll
0x000007fefc5d0000 - 0x000007fefc5d7000 	C:\Windows\System32\wship6.dll
0x00000000662f0000 - 0x0000000066301000 	C:\Program Files\Java\jdk1.8.0_20\jre\bin\nio.dll
0x0000000066160000 - 0x00000000661a1000 	C:\Program Files\Java\jdk1.8.0_20\jre\bin\t2k.dll
0x000007fefd8a0000 - 0x000007fefd939000 	C:\Windows\system32\CLBCatQ.DLL
0x000007fefb380000 - 0x000007fefb4ac000 	C:\Windows\system32\propsys.dll
0x000007fefb500000 - 0x000007fefb52d000 	C:\Windows\system32\ntmarta.dll
0x000007fefecf0000 - 0x000007fefed42000 	C:\Windows\system32\WLDAP32.dll
0x000007fefcfe0000 - 0x000007fefd037000 	C:\Windows\system32\apphelp.dll
0x000007fef24f0000 - 0x000007fef268c000 	C:\Windows\system32\NetworkExplorer.dll
0x000007fef3d70000 - 0x000007fef3da4000 	C:\Windows\System32\shdocvw.dll
0x000007fefa2b0000 - 0x000007fefa2bb000 	C:\Windows\system32\slc.dll
0x000007fef6c10000 - 0x000007fef6c28000 	C:\Windows\system32\MPR.dll
0x000007fef4160000 - 0x000007fef416a000 	C:\Windows\System32\drprov.dll
0x000007fefcf70000 - 0x000007fefcfad000 	C:\Windows\System32\WINSTA.dll
0x000007fef40c0000 - 0x000007fef40e2000 	C:\Windows\System32\ntlanman.dll
0x000007fef24d0000 - 0x000007fef24ec000 	C:\Windows\System32\davclnt.dll
0x000007fef24c0000 - 0x000007fef24ca000 	C:\Windows\System32\DAVHLPR.dll
0x000007fefc870000 - 0x000007fefc885000 	C:\Windows\system32\wkscli.dll
0x000007fef6a10000 - 0x000007fef6a1f000 	C:\Windows\system32\cscapi.dll
0x000007fefc320000 - 0x000007fefc32c000 	C:\Windows\system32\netutils.dll
0x000007fedf3d0000 - 0x000007fedf641000 	C:\Windows\system32\wpdshext.dll
0x000007fefb0c0000 - 0x000007fefb2d6000 	C:\Windows\WinSxS\amd64_microsoft.windows.gdiplus_6595b64144ccf1df_1.1.7601.18455_none_2b283fd671e9bf4d\gdiplus.dll
0x000007fef6790000 - 0x000007fef684d000 	C:\Windows\system32\PortableDeviceApi.dll
0x000007fefd520000 - 0x000007fefd55b000 	C:\Windows\system32\WINTRUST.dll
0x000007fef99d0000 - 0x000007fef9a05000 	C:\Windows\system32\EhStorShell.dll
0x000007fef4130000 - 0x000007fef4157000 	C:\Windows\system32\EhStorAPI.dll
0x000007fef4170000 - 0x000007fef417c000 	C:\Windows\system32\LINKINFO.dll
0x000007fefa730000 - 0x000007fefa891000 	C:\Windows\system32\WindowsCodecs.dll
0x000007fef2c60000 - 0x000007fef32cf000 	C:\PROGRA~1\MICROS~3\Office14\GROOVEEX.DLL
0x000000006f980000 - 0x000000006fa1d000 	C:\Windows\WinSxS\amd64_microsoft.vc90.crt_1fc8b3b9a1e18e3b_9.0.30729.4940_none_08e4299fa83d7e3c\MSVCR90.dll
0x000000006f8a0000 - 0x000000006f973000 	C:\Windows\WinSxS\amd64_microsoft.vc90.crt_1fc8b3b9a1e18e3b_9.0.30729.4940_none_08e4299fa83d7e3c\MSVCP90.dll
0x000000006fa90000 - 0x000000006fabf000 	C:\Windows\WinSxS\amd64_microsoft.vc90.atl_1fc8b3b9a1e18e3b_9.0.30729.4148_none_0a1d2fcba76b3f00\ATL90.DLL
0x000007fef2840000 - 0x000007fef2c5a000 	C:\PROGRA~1\COMMON~1\MICROS~1\OFFICE14\Cultures\office.odf
0x000007fef1c50000 - 0x000007fef24b5000 	C:\PROGRA~1\MICROS~3\Office14\1033\GrooveIntlResource.dll
0x000007fef6190000 - 0x000007fef620e000 	C:\Windows\System32\cscui.dll
0x000007fef9f80000 - 0x000007fef9f8c000 	C:\Windows\System32\CSCDLL.dll
0x000007fef6110000 - 0x000007fef6190000 	C:\Windows\system32\ntshrui.dll
0x000007fefcc80000 - 0x000007fefcca3000 	C:\Windows\system32\srvcli.dll
0x000007fef45a0000 - 0x000007fef46c5000 	C:\Windows\system32\dbghelp.dll

VM Arguments:
jvm_args: -Dfile.encoding=UTF-8 -Xmx6000m -Xss4000m 
java_command: moavns.MOAVNS
java_class_path (initial): C:\Users\Gustavo\Downloads\guava-18.0.jar;C:\Users\Gustavo\Documents\NetBeansProjects\MOAVNS\MOA---VNS\build\classes
Launcher Type: SUN_STANDARD

Environment Variables:
JAVA_HOME=.;;C:\Program Files\Java\jdk1.8.0_20;C:\Program Files\Java\jre8;C:\Program Files (x86)\Java\jre7
PATH=C:\ProgramData\Oracle\Java\javapath;C:\Program Files (x86)\NVIDIA Corporation\PhysX\Common;C:\Program Files (x86)\Intel\iCLS Client\;C:\Program Files\Intel\iCLS Client\;C:\Windows\system32;C:\Windows;C:\Windows\System32\Wbem;C:\Windows\System32\WindowsPowerShell\v1.0\;C:\Program Files\Intel\Intel(R) Management Engine Components\DAL;C:\Program Files\Intel\Intel(R) Management Engine Components\IPT;C:\Program Files (x86)\Intel\Intel(R) Management Engine Components\DAL;C:\Program Files (x86)\Intel\Intel(R) Management Engine Components\IPT
USERNAME=Gustavo
OS=Windows_NT
PROCESSOR_IDENTIFIER=Intel64 Family 6 Model 58 Stepping 9, GenuineIntel



---------------  S Y S T E M  ---------------

OS: Windows 7 , 64 bit Build 7601 Service Pack 1

CPU:total 8 (4 cores per cpu, 2 threads per core) family 6 model 58 stepping 9, cmov, cx8, fxsr, mmx, sse, sse2, sse3, ssse3, sse4.1, sse4.2, popcnt, avx, aes, clmul, erms, ht, tsc, tscinvbit, tscinv

Memory: 4k page, physical 8333288k(3008632k free), swap 16664712k(10166776k free)

vm_info: Java HotSpot(TM) 64-Bit Server VM (25.20-b23) for windows-amd64 JRE (1.8.0_20-b26), built on Jul 30 2014 13:51:23 by "java_re" with MS VC++ 10.0 (VS2010)

time: Mon Nov 17 11:25:41 2014
elapsed time: 130 seconds (0d 0h 2m 10s)

