#
# A fatal error has been detected by the Java Runtime Environment:
#
#  EXCEPTION_ACCESS_VIOLATION (0xc0000005) at pc=0x00000000026b8b48, pid=4532, tid=3768
#
# JRE version: Java(TM) SE Runtime Environment (8.0_20-b26) (build 1.8.0_20-b26)
# Java VM: Java HotSpot(TM) 64-Bit Server VM (25.20-b23 mixed mode windows-amd64 compressed oops)
# Problematic frame:
# J 1153 C2 java.util.HashMap.put(Ljava/lang/Object;Ljava/lang/Object;)Ljava/lang/Object; (13 bytes) @ 0x00000000026b8b48 [0x00000000026b8aa0+0xa8]
#
# Failed to write core dump. Minidumps are not enabled by default on client versions of Windows
#
# If you would like to submit a bug report, please visit:
#   http://bugreport.sun.com/bugreport/crash.jsp
#

---------------  T H R E A D  ---------------

Current thread (0x0000000001cae000):  JavaThread "main" [_thread_in_Java, id=3768, stack(0x0000000140000000,0x000000023a000000)]

siginfo: ExceptionCode=0xc0000005, reading address 0x00000000ff08324c

Registers:
RAX=0x00000000000000c4, RBX=0x00000000c921f13c, RCX=0x00000000f80038e1, RDX=0x00000006490f89e0
RSP=0x0000000239fff170, RBP=0x00000006490f89e0, RSI=0x00000000000000c4, RDI=0x00000000000000c4
R8 =0x00000006490f89e0, R9 =0x00000006490f89f0, R10=0x0000000000000000, R11=0x000000001fe10648
R12=0x0000000000000000, R13=0x00000000c921f14e, R14=0x00000000f80038e1, R15=0x0000000001cae000
RIP=0x00000000026b8b48, EFLAGS=0x0000000000010202

Top of Stack: (sp=0x0000000239fff170)
0x0000000239fff170:   0000000758110860 00000006000000c3
0x0000000239fff180:   00000000000000d8 00000006490f89f0
0x0000000239fff190:   0000000649000000 00000000023ce209
0x0000000239fff1a0:   0000000001cae000 00000006490f89e0
0x0000000239fff1b0:   000000000000003e 000000000274004d
0x0000000239fff1c0:   00000006494e99e8 00000000026d0b0c
0x0000000239fff1d0:   0000000001cae000 00000000576fe1bc
0x0000000239fff1e0:   0000000000000028 00000000026d8b02
0x0000000239fff1f0:   0000000758110838 00000006494e8420
0x0000000239fff200:   00000007c001af70 00000007c00847c0
0x0000000239fff210:   00000007581108a8 00000006490e12d0
0x0000000239fff220:   c92028a5eb022112 000000c60000012c
0x0000000239fff230:   00000007c929d339 00000006c929d093
0x0000000239fff240:   000000000000003f 0000000767f8b4c8
0x0000000239fff250:   0000000000000000 0000000000000246
0x0000000239fff260:   00000006494e9088 00000000027854b4 

Instructions: (pc=0x00000000026b8b48)
0x00000000026b8b28:   8b c2 81 e0 ff ff ff 7f 85 c0 0f 84 1d 06 00 00
0x00000000026b8b38:   44 8b d0 41 c1 ea 10 44 33 d0 44 89 54 24 08 4c
0x00000000026b8b48:   8b 14 24 45 8b 5a 24 45 85 db 0f 84 fb 02 00 00
0x00000000026b8b58:   47 8b 4c dc 0c 45 85 c9 0f 84 ed 02 00 00 4b 8d 


Register to memory mapping:

RAX=0x00000000000000c4 is an unknown value
RBX=0x00000000c921f13c is an unknown value
RCX=0x00000000f80038e1 is an unknown value
RDX=0x00000006490f89e0 is an oop
java.lang.Integer 
 - klass: 'java/lang/Integer'
RSP=0x0000000239fff170 is pointing into the stack for thread: 0x0000000001cae000
RBP=0x00000006490f89e0 is an oop
java.lang.Integer 
 - klass: 'java/lang/Integer'
RSI=0x00000000000000c4 is an unknown value
RDI=0x00000000000000c4 is an unknown value
R8 =0x00000006490f89e0 is an oop
java.lang.Integer 
 - klass: 'java/lang/Integer'
R9 =0x00000006490f89f0 is an oop
moavns.Coluna 
 - klass: 'moavns/Coluna'
R10=0x0000000000000000 is an unknown value
R11={method} {0x000000001fe10650} 'hashCode' '()I' in 'java/lang/Object'
R12=0x0000000000000000 is an unknown value
R13=0x00000000c921f14e is an unknown value
R14=0x00000000f80038e1 is an unknown value
R15=0x0000000001cae000 is a thread


Stack: [0x0000000140000000,0x000000023a000000],  sp=0x0000000239fff170,  free space=4095996k
Native frames: (J=compiled Java code, j=interpreted, Vv=VM code, C=native code)
C  0x00000000026b8b48


---------------  P R O C E S S  ---------------

Java Threads: ( => current thread )
  0x000000002316e800 JavaThread "TimerQueue" daemon [_thread_blocked, id=7088, stack(0x0000000fd0070000,0x00000010ca070000)]
  0x000000002315f000 JavaThread "D3D Screen Updater" daemon [_thread_blocked, id=5880, stack(0x0000000ed6070000,0x0000000fd0070000)]
  0x0000000023091000 JavaThread "Swing-Shell" daemon [_thread_blocked, id=7292, stack(0x0000000ddc000000,0x0000000ed6000000)]
  0x0000000022fb9000 JavaThread "AWT-Windows" daemon [_thread_in_native, id=6632, stack(0x0000000aee000000,0x0000000be8000000)]
  0x0000000021aef000 JavaThread "Java2D Disposer" daemon [_thread_blocked, id=5296, stack(0x00000008fa000000,0x00000009f4000000)]
  0x000000002182b000 JavaThread "Service Thread" daemon [_thread_blocked, id=5392, stack(0x0000000800000000,0x00000008fa000000)]
  0x00000000217d3800 JavaThread "C1 CompilerThread3" daemon [_thread_blocked, id=4772, stack(0x0000000022d50000,0x0000000022e50000)]
  0x00000000217b1800 JavaThread "C2 CompilerThread2" daemon [_thread_blocked, id=5384, stack(0x0000000022c40000,0x0000000022d40000)]
  0x00000000217a9000 JavaThread "C2 CompilerThread1" daemon [_thread_blocked, id=6544, stack(0x00000000228b0000,0x00000000229b0000)]
  0x00000000217a1800 JavaThread "C2 CompilerThread0" daemon [_thread_blocked, id=6092, stack(0x00000000229c0000,0x0000000022ac0000)]
  0x00000000217b0800 JavaThread "Attach Listener" daemon [_thread_blocked, id=2668, stack(0x0000000528000000,0x0000000622000000)]
  0x00000000217af800 JavaThread "Signal Dispatcher" daemon [_thread_blocked, id=8008, stack(0x000000042e000000,0x0000000528000000)]
  0x00000000207fb800 JavaThread "Finalizer" daemon [_thread_blocked, id=6812, stack(0x0000000334000000,0x000000042e000000)]
  0x0000000021753800 JavaThread "Reference Handler" daemon [_thread_blocked, id=7568, stack(0x000000023a000000,0x0000000334000000)]
=>0x0000000001cae000 JavaThread "main" [_thread_in_Java, id=3768, stack(0x0000000140000000,0x000000023a000000)]

Other Threads:
  0x0000000021750800 VMThread [stack: 0x0000000022780000,0x0000000022880000] [id=4268]
  0x0000000021830000 WatcherThread [stack: 0x0000000022e60000,0x0000000022f60000] [id=7664]

VM state:not at safepoint (normal execution)

VM Mutex/Monitor currently owned by a thread: None

Heap:
 PSYoungGen      total 745984K, used 357875K [0x0000000743000000, 0x00000007acb00000, 0x00000007c0000000)
  eden space 745472K, 47% used [0x0000000743000000,0x0000000758d6cf90,0x0000000770800000)
  from space 512K, 12% used [0x00000007aca80000,0x00000007aca90000,0x00000007acb00000)
  to   space 512K, 0% used [0x00000007aca00000,0x00000007aca00000,0x00000007aca80000)
 ParOldGen       total 87552K, used 5720K [0x0000000649000000, 0x000000064e580000, 0x0000000743000000)
  object space 87552K, 6% used [0x0000000649000000,0x0000000649596388,0x000000064e580000)
 Metaspace       used 13145K, capacity 13306K, committed 13568K, reserved 1060864K
  class space    used 1720K, capacity 1776K, committed 1792K, reserved 1048576K

Card table byte_map: [0x0000000011690000,0x0000000012250000] byte_map_base: 0x000000000e448000

Marking Bits: (ParMarkBitMap*) 0x0000000057ddb460
 Begin Bits: [0x00000000136d0000, 0x0000000019490000)
 End Bits:   [0x0000000019490000, 0x000000001f250000)

Polling page: 0x00000000001d0000

CodeCache: size=245760Kb used=4794Kb max_used=4819Kb free=240965Kb
 bounds [0x00000000022d0000, 0x0000000002790000, 0x00000000112d0000]
 total_blobs=1847 nmethods=1339 adapters=421
 compilation: enabled

Compilation events (10 events):
Event: 85.568 Thread 0x00000000217d3800 1338       3       moavns.SolucaoAleatoria::cobreTodasTwoFlip (136 bytes)
Event: 85.569 Thread 0x00000000217d3800 nmethod 1338 0x000000000275f8d0 code [0x000000000275fc00, 0x0000000002761458]
Event: 85.585 Thread 0x00000000217a9000 1339       4       moavns.SolucaoAleatoria::cobreTodasTwoFlip (136 bytes)
Event: 85.605 Thread 0x00000000217a9000 nmethod 1339 0x000000000276c510 code [0x000000000276c700, 0x000000000276d5d8]
Event: 86.056 Thread 0x00000000217d3800 1340 %     3       moavns.SolucaoAleatoria::VizinhoTwoFlip @ 83 (434 bytes)
Event: 86.058 Thread 0x00000000217d3800 nmethod 1340% 0x000000000276eb10 code [0x000000000276f2c0, 0x0000000002773e18]
Event: 86.064 Thread 0x00000000217d3800 1341       3       moavns.SolucaoAleatoria::VizinhoTwoFlip (434 bytes)
Event: 86.066 Thread 0x00000000217d3800 nmethod 1341 0x0000000002777510 code [0x0000000002777cc0, 0x000000000277c638]
Event: 86.369 Thread 0x00000000217a1800 1342 %     4       moavns.SolucaoAleatoria::VizinhoTwoFlip @ 83 (434 bytes)
Event: 86.426 Thread 0x00000000217a1800 nmethod 1342% 0x0000000002784950 code [0x0000000002784d80, 0x00000000027881a8]

GC Heap History (10 events):
Event: 102.671 GC heap before
{Heap before GC invocations=930 (full 0):
 PSYoungGen      total 754176K, used 753792K [0x0000000743000000, 0x00000007acb00000, 0x00000007c0000000)
  eden space 753664K, 100% used [0x0000000743000000,0x0000000771000000,0x0000000771000000)
  from space 512K, 25% used [0x00000007aca00000,0x00000007aca20000,0x00000007aca80000)
  to   space 512K, 0% used [0x00000007aca80000,0x00000007aca80000,0x00000007acb00000)
 ParOldGen       total 87552K, used 5696K [0x0000000649000000, 0x000000064e580000, 0x0000000743000000)
  object space 87552K, 6% used [0x0000000649000000,0x0000000649590388,0x000000064e580000)
 Metaspace       used 13145K, capacity 13306K, committed 13568K, reserved 1060864K
  class space    used 1720K, capacity 1776K, committed 1792K, reserved 1048576K
Event: 102.673 GC heap after
Heap after GC invocations=930 (full 0):
 PSYoungGen      total 718336K, used 96K [0x0000000743000000, 0x00000007acb00000, 0x00000007c0000000)
  eden space 717824K, 0% used [0x0000000743000000,0x0000000743000000,0x000000076ed00000)
  from space 512K, 18% used [0x00000007aca80000,0x00000007aca98000,0x00000007acb00000)
  to   space 512K, 0% used [0x00000007aca00000,0x00000007aca00000,0x00000007aca80000)
 ParOldGen       total 87552K, used 5704K [0x0000000649000000, 0x000000064e580000, 0x0000000743000000)
  object space 87552K, 6% used [0x0000000649000000,0x0000000649592388,0x000000064e580000)
 Metaspace       used 13145K, capacity 13306K, committed 13568K, reserved 1060864K
  class space    used 1720K, capacity 1776K, committed 1792K, reserved 1048576K
}
Event: 103.097 GC heap before
{Heap before GC invocations=931 (full 0):
 PSYoungGen      total 718336K, used 717920K [0x0000000743000000, 0x00000007acb00000, 0x00000007c0000000)
  eden space 717824K, 100% used [0x0000000743000000,0x000000076ed00000,0x000000076ed00000)
  from space 512K, 18% used [0x00000007aca80000,0x00000007aca98000,0x00000007acb00000)
  to   space 512K, 0% used [0x00000007aca00000,0x00000007aca00000,0x00000007aca80000)
 ParOldGen       total 87552K, used 5704K [0x0000000649000000, 0x000000064e580000, 0x0000000743000000)
  object space 87552K, 6% used [0x0000000649000000,0x0000000649592388,0x000000064e580000)
 Metaspace       used 13145K, capacity 13306K, committed 13568K, reserved 1060864K
  class space    used 1720K, capacity 1776K, committed 1792K, reserved 1048576K
Event: 103.098 GC heap after
Heap after GC invocations=931 (full 0):
 PSYoungGen      total 684544K, used 96K [0x0000000743000000, 0x00000007acb00000, 0x00000007c0000000)
  eden space 684032K, 0% used [0x0000000743000000,0x0000000743000000,0x000000076cc00000)
  from space 512K, 18% used [0x00000007aca00000,0x00000007aca18000,0x00000007aca80000)
  to   space 512K, 0% used [0x00000007aca80000,0x00000007aca80000,0x00000007acb00000)
 ParOldGen       total 87552K, used 5704K [0x0000000649000000, 0x000000064e580000, 0x0000000743000000)
  object space 87552K, 6% used [0x0000000649000000,0x0000000649592388,0x000000064e580000)
 Metaspace       used 13145K, capacity 13306K, committed 13568K, reserved 1060864K
  class space    used 1720K, capacity 1776K, committed 1792K, reserved 1048576K
}
Event: 103.527 GC heap before
{Heap before GC invocations=932 (full 0):
 PSYoungGen      total 684544K, used 684128K [0x0000000743000000, 0x00000007acb00000, 0x00000007c0000000)
  eden space 684032K, 100% used [0x0000000743000000,0x000000076cc00000,0x000000076cc00000)
  from space 512K, 18% used [0x00000007aca00000,0x00000007aca18000,0x00000007aca80000)
  to   space 512K, 0% used [0x00000007aca80000,0x00000007aca80000,0x00000007acb00000)
 ParOldGen       total 87552K, used 5704K [0x0000000649000000, 0x000000064e580000, 0x0000000743000000)
  object space 87552K, 6% used [0x0000000649000000,0x0000000649592388,0x000000064e580000)
 Metaspace       used 13145K, capacity 13306K, committed 13568K, reserved 1060864K
  class space    used 1720K, capacity 1776K, committed 1792K, reserved 1048576K
Event: 103.527 GC heap after
Heap after GC invocations=932 (full 0):
 PSYoungGen      total 652288K, used 128K [0x0000000743000000, 0x00000007acb00000, 0x00000007c0000000)
  eden space 651776K, 0% used [0x0000000743000000,0x0000000743000000,0x000000076ac80000)
  from space 512K, 25% used [0x00000007aca80000,0x00000007acaa0000,0x00000007acb00000)
  to   space 512K, 0% used [0x00000007aca00000,0x00000007aca00000,0x00000007aca80000)
 ParOldGen       total 87552K, used 5712K [0x0000000649000000, 0x000000064e580000, 0x0000000743000000)
  object space 87552K, 6% used [0x0000000649000000,0x0000000649594388,0x000000064e580000)
 Metaspace       used 13145K, capacity 13306K, committed 13568K, reserved 1060864K
  class space    used 1720K, capacity 1776K, committed 1792K, reserved 1048576K
}
Event: 103.895 GC heap before
{Heap before GC invocations=933 (full 0):
 PSYoungGen      total 652288K, used 651904K [0x0000000743000000, 0x00000007acb00000, 0x00000007c0000000)
  eden space 651776K, 100% used [0x0000000743000000,0x000000076ac80000,0x000000076ac80000)
  from space 512K, 25% used [0x00000007aca80000,0x00000007acaa0000,0x00000007acb00000)
  to   space 512K, 0% used [0x00000007aca00000,0x00000007aca00000,0x00000007aca80000)
 ParOldGen       total 87552K, used 5712K [0x0000000649000000, 0x000000064e580000, 0x0000000743000000)
  object space 87552K, 6% used [0x0000000649000000,0x0000000649594388,0x000000064e580000)
 Metaspace       used 13145K, capacity 13306K, committed 13568K, reserved 1060864K
  class space    used 1720K, capacity 1776K, committed 1792K, reserved 1048576K
Event: 103.896 GC heap after
Heap after GC invocations=933 (full 0):
 PSYoungGen      total 621568K, used 128K [0x0000000743000000, 0x00000007acb00000, 0x00000007c0000000)
  eden space 621056K, 0% used [0x0000000743000000,0x0000000743000000,0x0000000768e80000)
  from space 512K, 25% used [0x00000007aca00000,0x00000007aca20000,0x00000007aca80000)
  to   space 512K, 0% used [0x00000007aca80000,0x00000007aca80000,0x00000007acb00000)
 ParOldGen       total 87552K, used 5712K [0x0000000649000000, 0x000000064e580000, 0x0000000743000000)
  object space 87552K, 6% used [0x0000000649000000,0x0000000649594388,0x000000064e580000)
 Metaspace       used 13145K, capacity 13306K, committed 13568K, reserved 1060864K
  class space    used 1720K, capacity 1776K, committed 1792K, reserved 1048576K
}
Event: 104.253 GC heap before
{Heap before GC invocations=934 (full 0):
 PSYoungGen      total 621568K, used 621184K [0x0000000743000000, 0x00000007acb00000, 0x00000007c0000000)
  eden space 621056K, 100% used [0x0000000743000000,0x0000000768e80000,0x0000000768e80000)
  from space 512K, 25% used [0x00000007aca00000,0x00000007aca20000,0x00000007aca80000)
  to   space 512K, 0% used [0x00000007aca80000,0x00000007aca80000,0x00000007acb00000)
 ParOldGen       total 87552K, used 5712K [0x0000000649000000, 0x000000064e580000, 0x0000000743000000)
  object space 87552K, 6% used [0x0000000649000000,0x0000000649594388,0x000000064e580000)
 Metaspace       used 13145K, capacity 13306K, committed 13568K, reserved 1060864K
  class space    used 1720K, capacity 1776K, committed 1792K, reserved 1048576K
Event: 104.265 GC heap after
Heap after GC invocations=934 (full 0):
 PSYoungGen      total 745984K, used 64K [0x0000000743000000, 0x00000007acb00000, 0x00000007c0000000)
  eden space 745472K, 0% used [0x0000000743000000,0x0000000743000000,0x0000000770800000)
  from space 512K, 12% used [0x00000007aca80000,0x00000007aca90000,0x00000007acb00000)
  to   space 512K, 0% used [0x00000007aca00000,0x00000007aca00000,0x00000007aca80000)
 ParOldGen       total 87552K, used 5720K [0x0000000649000000, 0x000000064e580000, 0x0000000743000000)
  object space 87552K, 6% used [0x0000000649000000,0x0000000649596388,0x000000064e580000)
 Metaspace       used 13145K, capacity 13306K, committed 13568K, reserved 1060864K
  class space    used 1720K, capacity 1776K, committed 1792K, reserved 1048576K
}

Deoptimization events (10 events):
Event: 0.326 Thread 0x0000000001cae000 Uncommon trap: reason=class_check action=maybe_recompile pc=0x0000000002471b40 method=java.lang.String.equals(Ljava/lang/Object;)Z @ 8
Event: 0.326 Thread 0x0000000001cae000 Uncommon trap: reason=class_check action=maybe_recompile pc=0x0000000002471b40 method=java.lang.String.equals(Ljava/lang/Object;)Z @ 8
Event: 0.326 Thread 0x0000000001cae000 Uncommon trap: reason=class_check action=maybe_recompile pc=0x0000000002471b40 method=java.lang.String.equals(Ljava/lang/Object;)Z @ 8
Event: 2.472 Thread 0x0000000001cae000 Uncommon trap: reason=class_check action=maybe_recompile pc=0x000000000268f9ac method=com.google.common.collect.NaturalOrdering.compare(Ljava/lang/Object;Ljava/lang/Object;)I @ 2
Event: 2.472 Thread 0x0000000001cae000 Uncommon trap: reason=class_check action=maybe_recompile pc=0x000000000268f9ac method=com.google.common.collect.NaturalOrdering.compare(Ljava/lang/Object;Ljava/lang/Object;)I @ 2
Event: 2.472 Thread 0x0000000001cae000 Uncommon trap: reason=class_check action=maybe_recompile pc=0x000000000268f9ac method=com.google.common.collect.NaturalOrdering.compare(Ljava/lang/Object;Ljava/lang/Object;)I @ 2
Event: 2.472 Thread 0x0000000001cae000 Uncommon trap: reason=class_check action=maybe_recompile pc=0x000000000268f9ac method=com.google.common.collect.NaturalOrdering.compare(Ljava/lang/Object;Ljava/lang/Object;)I @ 2
Event: 3.730 Thread 0x0000000023028000 Uncommon trap: reason=predicate action=maybe_recompile pc=0x00000000026c4fa4 method=java.util.ArrayList.remove(Ljava/lang/Object;)Z @ 49
Event: 7.874 Thread 0x0000000001cae000 Uncommon trap: reason=predicate action=maybe_recompile pc=0x00000000027082e4 method=java.util.TreeMap.put(Ljava/lang/Object;Ljava/lang/Object;)Ljava/lang/Object; @ 58
Event: 8.562 Thread 0x0000000001cae000 Uncommon trap: reason=predicate action=maybe_recompile pc=0x0000000002703fa8 method=java.util.TreeMap.put(Ljava/lang/Object;Ljava/lang/Object;)Ljava/lang/Object; @ 58

Internal exceptions (10 events):
Event: 2.457 Thread 0x0000000001cae000 Exception <a 'java/security/PrivilegedActionException'> (0x0000000743d23f20) thrown at [D:\re\workspace\8-2-build-windows-amd64-cygwin\jdk8u20\1074\hotspot\src\share\vm\prims\jvm.cpp, line 1275]
Event: 2.457 Thread 0x0000000001cae000 Exception <a 'java/security/PrivilegedActionException'> (0x0000000743d26720) thrown at [D:\re\workspace\8-2-build-windows-amd64-cygwin\jdk8u20\1074\hotspot\src\share\vm\prims\jvm.cpp, line 1275]
Event: 2.457 Thread 0x0000000001cae000 Exception <a 'java/security/PrivilegedActionException'> (0x0000000743d299f0) thrown at [D:\re\workspace\8-2-build-windows-amd64-cygwin\jdk8u20\1074\hotspot\src\share\vm\prims\jvm.cpp, line 1275]
Event: 2.457 Thread 0x0000000001cae000 Exception <a 'java/security/PrivilegedActionException'> (0x0000000743d2f000) thrown at [D:\re\workspace\8-2-build-windows-amd64-cygwin\jdk8u20\1074\hotspot\src\share\vm\prims\jvm.cpp, line 1275]
Event: 2.458 Thread 0x0000000001cae000 Exception <a 'java/security/PrivilegedActionException'> (0x0000000743d34788) thrown at [D:\re\workspace\8-2-build-windows-amd64-cygwin\jdk8u20\1074\hotspot\src\share\vm\prims\jvm.cpp, line 1275]
Event: 2.458 Thread 0x0000000001cae000 Exception <a 'java/security/PrivilegedActionException'> (0x0000000743d39800) thrown at [D:\re\workspace\8-2-build-windows-amd64-cygwin\jdk8u20\1074\hotspot\src\share\vm\prims\jvm.cpp, line 1275]
Event: 2.470 Thread 0x0000000001cae000 Exception <a 'java/security/PrivilegedActionException'> (0x0000000743d6b8f8) thrown at [D:\re\workspace\8-2-build-windows-amd64-cygwin\jdk8u20\1074\hotspot\src\share\vm\prims\jvm.cpp, line 1275]
Event: 2.471 Thread 0x0000000001cae000 Exception <a 'java/security/PrivilegedActionException'> (0x0000000743d72680) thrown at [D:\re\workspace\8-2-build-windows-amd64-cygwin\jdk8u20\1074\hotspot\src\share\vm\prims\jvm.cpp, line 1275]
Event: 2.474 Thread 0x0000000001cae000 Exception <a 'java/security/PrivilegedActionException'> (0x0000000743dae610) thrown at [D:\re\workspace\8-2-build-windows-amd64-cygwin\jdk8u20\1074\hotspot\src\share\vm\prims\jvm.cpp, line 1275]
Event: 2.537 Thread 0x0000000001cae000 Exception <a 'java/security/PrivilegedActionException'> (0x00000007446a62f0) thrown at [D:\re\workspace\8-2-build-windows-amd64-cygwin\jdk8u20\1074\hotspot\src\share\vm\prims\jvm.cpp, line 1275]

Events (10 events):
Event: 102.671 Executing VM operation: ParallelGCFailedAllocation
Event: 102.673 Executing VM operation: ParallelGCFailedAllocation done
Event: 103.097 Executing VM operation: ParallelGCFailedAllocation
Event: 103.098 Executing VM operation: ParallelGCFailedAllocation done
Event: 103.527 Executing VM operation: ParallelGCFailedAllocation
Event: 103.527 Executing VM operation: ParallelGCFailedAllocation done
Event: 103.895 Executing VM operation: ParallelGCFailedAllocation
Event: 103.896 Executing VM operation: ParallelGCFailedAllocation done
Event: 104.253 Executing VM operation: ParallelGCFailedAllocation
Event: 104.265 Executing VM operation: ParallelGCFailedAllocation done


Dynamic libraries:
0x000000013ffc0000 - 0x000000013fff4000 	C:\Program Files\Java\jdk1.8.0_20\bin\java.exe
0x0000000077550000 - 0x00000000776f9000 	C:\Windows\SYSTEM32\ntdll.dll
0x0000000077330000 - 0x000000007744f000 	C:\Windows\system32\kernel32.dll
0x000007fefd6c0000 - 0x000007fefd72c000 	C:\Windows\system32\KERNELBASE.dll
0x000007fefde90000 - 0x000007fefdf6b000 	C:\Windows\system32\ADVAPI32.dll
0x000007feff210000 - 0x000007feff2af000 	C:\Windows\system32\msvcrt.dll
0x000007fefe2f0000 - 0x000007fefe30f000 	C:\Windows\SYSTEM32\sechost.dll
0x000007fefdf90000 - 0x000007fefe0bd000 	C:\Windows\system32\RPCRT4.dll
0x0000000077450000 - 0x000000007754a000 	C:\Windows\system32\USER32.dll
0x000007fefde20000 - 0x000007fefde87000 	C:\Windows\system32\GDI32.dll
0x000007fefd750000 - 0x000007fefd75e000 	C:\Windows\system32\LPK.dll
0x000007feff140000 - 0x000007feff209000 	C:\Windows\system32\USP10.dll
0x000007fefcc70000 - 0x000007fefce64000 	C:\Windows\WinSxS\amd64_microsoft.windows.common-controls_6595b64144ccf1df_6.0.7601.17514_none_fa396087175ac9ac\COMCTL32.dll
0x000007feff7e0000 - 0x000007feff851000 	C:\Windows\system32\SHLWAPI.dll
0x000007feff7b0000 - 0x000007feff7de000 	C:\Windows\system32\IMM32.DLL
0x000007feff620000 - 0x000007feff729000 	C:\Windows\system32\MSCTF.dll
0x000000006cec0000 - 0x000000006cf92000 	C:\Program Files\Java\jdk1.8.0_20\jre\bin\msvcr100.dll
0x0000000057600000 - 0x0000000057e58000 	C:\Program Files\Java\jdk1.8.0_20\jre\bin\server\jvm.dll
0x000007fef2630000 - 0x000007fef2639000 	C:\Windows\system32\WSOCK32.dll
0x000007fefda50000 - 0x000007fefda9d000 	C:\Windows\system32\WS2_32.dll
0x000007feff610000 - 0x000007feff618000 	C:\Windows\system32\NSI.dll
0x000007fef9bb0000 - 0x000007fef9beb000 	C:\Windows\system32\WINMM.dll
0x0000000077710000 - 0x0000000077717000 	C:\Windows\system32\PSAPI.DLL
0x000000006f680000 - 0x000000006f68f000 	C:\Program Files\Java\jdk1.8.0_20\jre\bin\verify.dll
0x000000006e7a0000 - 0x000000006e7c8000 	C:\Program Files\Java\jdk1.8.0_20\jre\bin\java.dll
0x000000006f440000 - 0x000000006f456000 	C:\Program Files\Java\jdk1.8.0_20\jre\bin\zip.dll
0x000007fefe310000 - 0x000007feff098000 	C:\Windows\system32\SHELL32.dll
0x000007fefdc10000 - 0x000007fefde13000 	C:\Windows\system32\ole32.dll
0x000007fefd3a0000 - 0x000007fefd3af000 	C:\Windows\system32\profapi.dll
0x0000000055c50000 - 0x0000000055de8000 	C:\Program Files\Java\jdk1.8.0_20\jre\bin\awt.dll
0x000007feff530000 - 0x000007feff607000 	C:\Windows\system32\OLEAUT32.dll
0x000007fefb4d0000 - 0x000007fefb526000 	C:\Windows\system32\uxtheme.dll
0x000007fefab70000 - 0x000007fefab88000 	C:\Windows\system32\dwmapi.dll
0x000007fefd230000 - 0x000007fefd23f000 	C:\Windows\system32\CRYPTBASE.dll
0x000007fef8dc0000 - 0x000007fef8e60000 	C:\Windows\WinSxS\amd64_microsoft.windows.common-controls_6595b64144ccf1df_5.82.7601.18201_none_a4d3b9377117c3df\comctl32.dll
0x000000006d290000 - 0x000000006d2d7000 	C:\Program Files\Java\jdk1.8.0_20\jre\bin\fontmanager.dll
0x000007fef7cf0000 - 0x000007fef7eef000 	C:\Windows\system32\d3d9.dll
0x000007fefbf50000 - 0x000007fefbf5c000 	C:\Windows\system32\VERSION.dll
0x000007fef7ce0000 - 0x000007fef7ce7000 	C:\Windows\system32\d3d8thk.dll
0x000007fee62b0000 - 0x000007fee7353000 	C:\Windows\system32\nvd3dumx.dll
0x00000000242f0000 - 0x0000000024424000 	C:\Windows\system32\nvspcap64.dll
0x000007fefd550000 - 0x000007fefd6bd000 	C:\Windows\system32\CRYPT32.dll
0x000007fefd390000 - 0x000007fefd39f000 	C:\Windows\system32\MSASN1.dll
0x000007fef8aa0000 - 0x000007fef8dbd000 	C:\Windows\system32\nvapi64.dll
0x000007feff2b0000 - 0x000007feff487000 	C:\Windows\system32\SETUPAPI.dll
0x000007fefd4b0000 - 0x000007fefd4e6000 	C:\Windows\system32\CFGMGR32.dll
0x000007fefd500000 - 0x000007fefd51a000 	C:\Windows\system32\DEVOBJ.dll
0x000007fefae70000 - 0x000007fefae9c000 	C:\Windows\system32\powrprof.dll
0x000007feea3a0000 - 0x000007feea508000 	C:\Program Files (x86)\NVIDIA Corporation\3D Vision\nvSCPAPI64.dll
0x000000006e710000 - 0x000000006e72a000 	C:\Program Files\Java\jdk1.8.0_20\jre\bin\net.dll
0x000007fefc830000 - 0x000007fefc885000 	C:\Windows\system32\mswsock.dll
0x000007fefc820000 - 0x000007fefc827000 	C:\Windows\System32\wship6.dll
0x000000006e6d0000 - 0x000000006e6e1000 	C:\Program Files\Java\jdk1.8.0_20\jre\bin\nio.dll
0x000000006d240000 - 0x000000006d281000 	C:\Program Files\Java\jdk1.8.0_20\jre\bin\t2k.dll
0x000007feff490000 - 0x000007feff529000 	C:\Windows\system32\CLBCatQ.DLL
0x000007fefb570000 - 0x000007fefb69c000 	C:\Windows\system32\propsys.dll
0x000007fefb6f0000 - 0x000007fefb71d000 	C:\Windows\system32\ntmarta.dll
0x000007fefd760000 - 0x000007fefd7b2000 	C:\Windows\system32\WLDAP32.dll
0x000007fefd1d0000 - 0x000007fefd227000 	C:\Windows\system32\apphelp.dll
0x000007fef19b0000 - 0x000007fef1b4c000 	C:\Windows\system32\NetworkExplorer.dll
0x000007fef5ca0000 - 0x000007fef5cd4000 	C:\Windows\System32\shdocvw.dll
0x000007fef99b0000 - 0x000007fef99bb000 	C:\Windows\system32\slc.dll
0x000007fef6dd0000 - 0x000007fef6de8000 	C:\Windows\system32\MPR.dll
0x000007fef92c0000 - 0x000007fef92ca000 	C:\Windows\System32\drprov.dll
0x000007fefd190000 - 0x000007fefd1cd000 	C:\Windows\System32\WINSTA.dll
0x000007fef9290000 - 0x000007fef92b2000 	C:\Windows\System32\ntlanman.dll
0x000007feee310000 - 0x000007feee32c000 	C:\Windows\System32\davclnt.dll
0x000007fef9280000 - 0x000007fef928a000 	C:\Windows\System32\DAVHLPR.dll
0x000007fefcaa0000 - 0x000007fefcab5000 	C:\Windows\system32\wkscli.dll
0x000007fef6220000 - 0x000007fef622f000 	C:\Windows\system32\cscapi.dll
0x000007fefc4a0000 - 0x000007fefc4ac000 	C:\Windows\system32\netutils.dll
0x000007fee8200000 - 0x000007fee8471000 	C:\Windows\system32\wpdshext.dll
0x000007fefb2b0000 - 0x000007fefb4c6000 	C:\Windows\WinSxS\amd64_microsoft.windows.gdiplus_6595b64144ccf1df_1.1.7601.18455_none_2b283fd671e9bf4d\gdiplus.dll
0x000007fef6880000 - 0x000007fef693d000 	C:\Windows\system32\PortableDeviceApi.dll
0x000007fefd3b0000 - 0x000007fefd3eb000 	C:\Windows\system32\WINTRUST.dll
0x000007fef4980000 - 0x000007fef49b5000 	C:\Windows\system32\EhStorShell.dll
0x000007fef9fb0000 - 0x000007fef9fd7000 	C:\Windows\system32\EhStorAPI.dll
0x000007fef5c90000 - 0x000007fef5c9c000 	C:\Windows\system32\LINKINFO.dll
0x000007fef9e30000 - 0x000007fef9f91000 	C:\Windows\system32\WindowsCodecs.dll
0x000007fef4140000 - 0x000007fef47af000 	C:\PROGRA~1\MICROS~3\Office14\GROOVEEX.DLL
0x000000006fc20000 - 0x000000006fcbd000 	C:\Windows\WinSxS\amd64_microsoft.vc90.crt_1fc8b3b9a1e18e3b_9.0.30729.4940_none_08e4299fa83d7e3c\MSVCR90.dll
0x000000006fb40000 - 0x000000006fc13000 	C:\Windows\WinSxS\amd64_microsoft.vc90.crt_1fc8b3b9a1e18e3b_9.0.30729.4940_none_08e4299fa83d7e3c\MSVCP90.dll
0x000000006fb10000 - 0x000000006fb3f000 	C:\Windows\WinSxS\amd64_microsoft.vc90.atl_1fc8b3b9a1e18e3b_9.0.30729.4148_none_0a1d2fcba76b3f00\ATL90.DLL
0x000007fef3a50000 - 0x000007fef3e6a000 	C:\PROGRA~1\COMMON~1\MICROS~1\OFFICE14\Cultures\office.odf
0x000007fef31e0000 - 0x000007fef3a45000 	C:\PROGRA~1\MICROS~3\Office14\1033\GrooveIntlResource.dll
0x000007fef3160000 - 0x000007fef31de000 	C:\Windows\System32\cscui.dll
0x000007fef3150000 - 0x000007fef315c000 	C:\Windows\System32\CSCDLL.dll
0x000007fef30d0000 - 0x000007fef3150000 	C:\Windows\system32\ntshrui.dll
0x000007fefce80000 - 0x000007fefcea3000 	C:\Windows\system32\srvcli.dll
0x000007feeabf0000 - 0x000007feead15000 	C:\Windows\system32\dbghelp.dll

VM Arguments:
jvm_args: -Dfile.encoding=UTF-8 -Xmx6000m -Xss4000m 
java_command: moavns.MOAVNS
java_class_path (initial): C:\Users\Gustavo\Downloads\guava-18.0.jar;C:\Users\Gustavo\Documents\NetBeansProjects\MOAVNS\MOA---VNS\build\classes
Launcher Type: SUN_STANDARD

Environment Variables:
JAVA_HOME=.;;C:\Program Files\Java\jdk1.8.0_20;C:\Program Files\Java\jre8;C:\Program Files (x86)\Java\jre7
PATH=C:\ProgramData\Oracle\Java\javapath;C:\Program Files (x86)\NVIDIA Corporation\PhysX\Common;C:\Program Files (x86)\Intel\iCLS Client\;C:\Program Files\Intel\iCLS Client\;C:\Windows\system32;C:\Windows;C:\Windows\System32\Wbem;C:\Windows\System32\WindowsPowerShell\v1.0\;C:\Program Files\Intel\Intel(R) Management Engine Components\DAL;C:\Program Files\Intel\Intel(R) Management Engine Components\IPT;C:\Program Files (x86)\Intel\Intel(R) Management Engine Components\DAL;C:\Program Files (x86)\Intel\Intel(R) Management Engine Components\IPT
USERNAME=Gustavo
OS=Windows_NT
PROCESSOR_IDENTIFIER=Intel64 Family 6 Model 58 Stepping 9, GenuineIntel



---------------  S Y S T E M  ---------------

OS: Windows 7 , 64 bit Build 7601 Service Pack 1

CPU:total 8 (4 cores per cpu, 2 threads per core) family 6 model 58 stepping 9, cmov, cx8, fxsr, mmx, sse, sse2, sse3, ssse3, sse4.1, sse4.2, popcnt, avx, aes, clmul, erms, ht, tsc, tscinvbit, tscinv

Memory: 4k page, physical 8333288k(3330572k free), swap 16664712k(7924284k free)

vm_info: Java HotSpot(TM) 64-Bit Server VM (25.20-b23) for windows-amd64 JRE (1.8.0_20-b26), built on Jul 30 2014 13:51:23 by "java_re" with MS VC++ 10.0 (VS2010)

time: Mon Nov 17 02:40:33 2014
elapsed time: 104 seconds (0d 0h 1m 44s)

